[30-May-2021 17:52:42 Asia/Tokyo] >>>>>
[30-May-2021 19:05:02 Asia/Tokyo] emailは入力必須です
[30-May-2021 19:05:05 Asia/Tokyo] emailは入力必須です
[30-May-2021 19:07:19 Asia/Tokyo] emailは入力必須です
[30-May-2021 19:07:21 Asia/Tokyo] emailは入力必須です
[30-May-2021 19:07:35 Asia/Tokyo] emailは入力必須です
[30-May-2021 19:07:46 Asia/Tokyo] emailは入力必須です
[30-May-2021 19:09:08 Asia/Tokyo] emailは入力必須です
[30-May-2021 19:09:24 Asia/Tokyo] emailは入力必須です
[30-May-2021 19:10:14 Asia/Tokyo] emailは入力必須です
[30-May-2021 19:16:22 Asia/Tokyo] emailは入力必須です
[01-Jun-2021 16:41:30 Asia/Tokyo] PHP Notice:  Undefined index: postal_code in /Applications/MAMP/htdocs/baseball_platform/registerMember.php on line 17
[01-Jun-2021 16:41:30 Asia/Tokyo] emailは入力必須です
[01-Jun-2021 17:03:23 Asia/Tokyo] PHP Notice:  Undefined index: postal_code in /Applications/MAMP/htdocs/baseball_platform/registerMember.php on line 17
[01-Jun-2021 17:03:23 Asia/Tokyo] emailは入力必須です
[01-Jun-2021 17:08:17 Asia/Tokyo] PHP Notice:  Undefined index: postal_code in /Applications/MAMP/htdocs/baseball_platform/registerMember.php on line 17
[01-Jun-2021 17:08:17 Asia/Tokyo] emailは入力必須です
[01-Jun-2021 17:10:03 Asia/Tokyo] PHP Notice:  Undefined index: postal_code in /Applications/MAMP/htdocs/baseball_platform/registerMember.php on line 17
[01-Jun-2021 17:10:03 Asia/Tokyo] emailは入力必須です
[01-Jun-2021 17:13:29 Asia/Tokyo] PHP Notice:  Undefined index: postal_code in /Applications/MAMP/htdocs/baseball_platform/registerMember.php on line 17
[01-Jun-2021 17:13:29 Asia/Tokyo] emailは入力必須です
[01-Jun-2021 17:13:45 Asia/Tokyo] PHP Notice:  Undefined index: postal_code in /Applications/MAMP/htdocs/baseball_platform/registerMember.php on line 17
[01-Jun-2021 17:13:45 Asia/Tokyo] emailは入力必須です
[01-Jun-2021 17:14:10 Asia/Tokyo] PHP Notice:  Undefined index: postal_code in /Applications/MAMP/htdocs/baseball_platform/registerMember.php on line 17
[01-Jun-2021 17:14:10 Asia/Tokyo] emailは入力必須です
[01-Jun-2021 17:14:17 Asia/Tokyo] PHP Notice:  Undefined index: postal_code in /Applications/MAMP/htdocs/baseball_platform/registerMember.php on line 17
[01-Jun-2021 17:14:17 Asia/Tokyo] emailは入力必須です
[01-Jun-2021 17:14:28 Asia/Tokyo] PHP Notice:  Undefined index: postal_code in /Applications/MAMP/htdocs/baseball_platform/registerMember.php on line 17
[01-Jun-2021 17:14:28 Asia/Tokyo] emailは入力必須です
[01-Jun-2021 17:14:56 Asia/Tokyo] PHP Notice:  Undefined index: postal_code in /Applications/MAMP/htdocs/baseball_platform/registerMember.php on line 17
[01-Jun-2021 17:14:56 Asia/Tokyo] emailは入力必須です
[01-Jun-2021 17:17:22 Asia/Tokyo] PHP Notice:  Undefined index: postal_code in /Applications/MAMP/htdocs/baseball_platform/registerMember.php on line 17
[01-Jun-2021 17:17:22 Asia/Tokyo] emailは入力必須です
[01-Jun-2021 17:18:20 Asia/Tokyo] PHP Notice:  Undefined index: postal_code in /Applications/MAMP/htdocs/baseball_platform/registerMember.php on line 17
[01-Jun-2021 17:18:20 Asia/Tokyo] emailは入力必須です
[01-Jun-2021 17:18:55 Asia/Tokyo] PHP Notice:  Undefined index: postal_code in /Applications/MAMP/htdocs/baseball_platform/registerMember.php on line 17
[01-Jun-2021 17:18:55 Asia/Tokyo] emailは入力必須です
[01-Jun-2021 17:19:22 Asia/Tokyo] PHP Notice:  Undefined index: postal_code in /Applications/MAMP/htdocs/baseball_platform/registerMember.php on line 17
[01-Jun-2021 17:19:22 Asia/Tokyo] emailは入力必須です
[01-Jun-2021 17:20:04 Asia/Tokyo] PHP Notice:  Undefined index: postal_code in /Applications/MAMP/htdocs/baseball_platform/registerMember.php on line 17
[01-Jun-2021 17:20:04 Asia/Tokyo] emailは入力必須です
[01-Jun-2021 17:20:34 Asia/Tokyo] PHP Notice:  Undefined index: postal_code in /Applications/MAMP/htdocs/baseball_platform/registerMember.php on line 17
[01-Jun-2021 17:20:34 Asia/Tokyo] emailは入力必須です
[01-Jun-2021 17:22:07 Asia/Tokyo] PHP Notice:  Undefined index: postal_code in /Applications/MAMP/htdocs/baseball_platform/registerMember.php on line 17
[01-Jun-2021 17:22:07 Asia/Tokyo] emailは入力必須です
[01-Jun-2021 17:22:29 Asia/Tokyo] PHP Notice:  Undefined index: postal_code in /Applications/MAMP/htdocs/baseball_platform/registerMember.php on line 17
[01-Jun-2021 17:22:29 Asia/Tokyo] emailは入力必須です
[01-Jun-2021 17:25:05 Asia/Tokyo] PHP Notice:  Undefined index: postal_code in /Applications/MAMP/htdocs/baseball_platform/registerMember.php on line 17
[01-Jun-2021 17:25:05 Asia/Tokyo] emailは入力必須です
[01-Jun-2021 17:27:53 Asia/Tokyo] PHP Notice:  Undefined index: postal_code in /Applications/MAMP/htdocs/baseball_platform/registerMember.php on line 17
[01-Jun-2021 17:27:53 Asia/Tokyo] emailは入力必須です
[01-Jun-2021 17:28:03 Asia/Tokyo] PHP Notice:  Undefined index: postal_code in /Applications/MAMP/htdocs/baseball_platform/registerMember.php on line 17
[01-Jun-2021 17:28:03 Asia/Tokyo] emailは入力必須です
[01-Jun-2021 17:29:49 Asia/Tokyo] PHP Notice:  Undefined index: postal_code in /Applications/MAMP/htdocs/baseball_platform/registerMember.php on line 17
[01-Jun-2021 17:29:49 Asia/Tokyo] emailは入力必須です
[01-Jun-2021 17:47:52 Asia/Tokyo] PHP Notice:  Undefined index: postal_code in /Applications/MAMP/htdocs/baseball_platform/registerMember.php on line 17
[01-Jun-2021 17:47:52 Asia/Tokyo] emailは入力必須です
[01-Jun-2021 17:48:18 Asia/Tokyo] PHP Notice:  Undefined index: postal_code in /Applications/MAMP/htdocs/baseball_platform/registerMember.php on line 17
[01-Jun-2021 17:48:18 Asia/Tokyo] emailは入力必須です
[01-Jun-2021 17:49:25 Asia/Tokyo] PHP Notice:  Undefined index: postal_code in /Applications/MAMP/htdocs/baseball_platform/registerMember.php on line 17
[01-Jun-2021 17:49:25 Asia/Tokyo] emailは入力必須です
[01-Jun-2021 17:50:51 Asia/Tokyo] PHP Notice:  Undefined index: postal_code in /Applications/MAMP/htdocs/baseball_platform/registerMember.php on line 17
[01-Jun-2021 17:50:51 Asia/Tokyo] emailは入力必須です
[01-Jun-2021 17:51:09 Asia/Tokyo] PHP Notice:  Undefined index: postal_code in /Applications/MAMP/htdocs/baseball_platform/registerMember.php on line 17
[01-Jun-2021 17:51:09 Asia/Tokyo] emailは入力必須です
[01-Jun-2021 17:51:24 Asia/Tokyo] PHP Notice:  Undefined index: postal_code in /Applications/MAMP/htdocs/baseball_platform/registerMember.php on line 17
[01-Jun-2021 17:51:24 Asia/Tokyo] emailは入力必須です
[01-Jun-2021 17:52:06 Asia/Tokyo] PHP Notice:  Undefined index: postal_code in /Applications/MAMP/htdocs/baseball_platform/registerMember.php on line 17
[01-Jun-2021 17:52:06 Asia/Tokyo] emailは入力必須です
[01-Jun-2021 17:53:09 Asia/Tokyo] PHP Notice:  Undefined index: postal_code in /Applications/MAMP/htdocs/baseball_platform/registerMember.php on line 17
[01-Jun-2021 17:53:09 Asia/Tokyo] emailは入力必須です
[01-Jun-2021 17:56:56 Asia/Tokyo] PHP Notice:  Undefined index: postal_code in /Applications/MAMP/htdocs/baseball_platform/registerMember.php on line 17
[01-Jun-2021 17:56:56 Asia/Tokyo] emailは入力必須です
[01-Jun-2021 17:58:22 Asia/Tokyo] PHP Notice:  Undefined index: postal_code in /Applications/MAMP/htdocs/baseball_platform/registerMember.php on line 17
[01-Jun-2021 17:58:22 Asia/Tokyo] emailは入力必須です
[01-Jun-2021 18:07:52 Asia/Tokyo] PHP Notice:  Undefined index: postal_code in /Applications/MAMP/htdocs/baseball_platform/registerMember.php on line 17
[01-Jun-2021 18:07:52 Asia/Tokyo] emailは入力必須です
[01-Jun-2021 18:08:51 Asia/Tokyo] PHP Notice:  Undefined index: postal_code in /Applications/MAMP/htdocs/baseball_platform/registerMember.php on line 17
[01-Jun-2021 18:08:51 Asia/Tokyo] emailは入力必須です
[01-Jun-2021 18:09:02 Asia/Tokyo] PHP Notice:  Undefined index: postal_code in /Applications/MAMP/htdocs/baseball_platform/registerMember.php on line 17
[01-Jun-2021 18:09:02 Asia/Tokyo] emailは入力必須です
[01-Jun-2021 18:10:00 Asia/Tokyo] PHP Notice:  Undefined index: postal_code in /Applications/MAMP/htdocs/baseball_platform/registerMember.php on line 17
[01-Jun-2021 18:10:00 Asia/Tokyo] emailは入力必須です
[01-Jun-2021 18:10:28 Asia/Tokyo] PHP Notice:  Undefined index: postal_code in /Applications/MAMP/htdocs/baseball_platform/registerMember.php on line 17
[01-Jun-2021 18:10:28 Asia/Tokyo] emailは入力必須です
[01-Jun-2021 18:14:03 Asia/Tokyo] PHP Notice:  Undefined index: postal_code in /Applications/MAMP/htdocs/baseball_platform/registerMember.php on line 17
[01-Jun-2021 18:14:03 Asia/Tokyo] emailは入力必須です
[01-Jun-2021 18:15:08 Asia/Tokyo] PHP Notice:  Undefined index: postal_code in /Applications/MAMP/htdocs/baseball_platform/registerMember.php on line 17
[01-Jun-2021 18:15:08 Asia/Tokyo] emailは入力必須です
[01-Jun-2021 18:16:26 Asia/Tokyo] PHP Notice:  Undefined index: postal_code in /Applications/MAMP/htdocs/baseball_platform/registerMember.php on line 17
[01-Jun-2021 18:16:26 Asia/Tokyo] emailは入力必須です
[01-Jun-2021 18:16:46 Asia/Tokyo] PHP Notice:  Undefined index: postal_code in /Applications/MAMP/htdocs/baseball_platform/registerMember.php on line 17
[01-Jun-2021 18:16:46 Asia/Tokyo] emailは入力必須です
[01-Jun-2021 18:20:46 Asia/Tokyo] PHP Notice:  Undefined index: postal_code in /Applications/MAMP/htdocs/baseball_platform/registerMember.php on line 17
[01-Jun-2021 18:20:46 Asia/Tokyo] emailは入力必須です
[01-Jun-2021 18:27:34 Asia/Tokyo] PHP Notice:  Undefined index: postal_code in /Applications/MAMP/htdocs/baseball_platform/registerMember.php on line 17
[01-Jun-2021 18:27:34 Asia/Tokyo] emailは入力必須です
[01-Jun-2021 18:40:42 Asia/Tokyo] PHP Notice:  Undefined index: postal_code in /Applications/MAMP/htdocs/baseball_platform/registerMember.php on line 17
[01-Jun-2021 18:40:42 Asia/Tokyo] emailは入力必須です
[01-Jun-2021 18:40:54 Asia/Tokyo] PHP Notice:  Undefined index: postal_code in /Applications/MAMP/htdocs/baseball_platform/registerMember.php on line 17
[01-Jun-2021 18:40:54 Asia/Tokyo] emailは入力必須です
[02-Jun-2021 16:51:52 Asia/Tokyo] emailは入力必須です
[02-Jun-2021 16:56:57 Asia/Tokyo] emailは入力必須です
[02-Jun-2021 16:57:12 Asia/Tokyo] PHP Notice:  Undefined index: email in /Applications/MAMP/htdocs/custom_calendar/registerMember.php on line 91
[02-Jun-2021 16:57:46 Asia/Tokyo] emailは入力必須です
[02-Jun-2021 16:58:08 Asia/Tokyo] emailは入力必須です
[02-Jun-2021 16:58:14 Asia/Tokyo] PHP Notice:  Undefined index: email in /Applications/MAMP/htdocs/custom_calendar/registerMember.php on line 91
[02-Jun-2021 16:59:08 Asia/Tokyo] PHP Notice:  Undefined index: email in /Applications/MAMP/htdocs/custom_calendar/registerMember.php on line 91
[02-Jun-2021 16:59:35 Asia/Tokyo] PHP Notice:  Undefined index: email in /Applications/MAMP/htdocs/custom_calendar/registerMember.php on line 91
[02-Jun-2021 17:07:31 Asia/Tokyo] PHP Notice:  Undefined index: email in /Applications/MAMP/htdocs/custom_calendar/registerMember.php on line 95
[02-Jun-2021 17:07:46 Asia/Tokyo] emailは入力必須です
[02-Jun-2021 17:12:30 Asia/Tokyo] emailは入力必須です
[02-Jun-2021 17:12:35 Asia/Tokyo] emailは入力必須です
[02-Jun-2021 17:17:02 Asia/Tokyo] E-mailを入力してください
[02-Jun-2021 17:17:02 Asia/Tokyo] 姓(漢字)を入力してください
[02-Jun-2021 17:17:51 Asia/Tokyo] E-mailを入力してください
[02-Jun-2021 17:17:51 Asia/Tokyo] 姓(漢字)を入力してください
[02-Jun-2021 17:18:10 Asia/Tokyo] E-mailを入力してください
[02-Jun-2021 17:18:10 Asia/Tokyo] 姓(漢字)を入力してください
[02-Jun-2021 17:18:12 Asia/Tokyo] E-mailを入力してください
[02-Jun-2021 17:18:12 Asia/Tokyo] 姓(漢字)を入力してください
[02-Jun-2021 17:18:14 Asia/Tokyo] E-mailを入力してください
[02-Jun-2021 17:18:14 Asia/Tokyo] 姓(漢字)を入力してください
[02-Jun-2021 17:18:36 Asia/Tokyo] E-mailを入力してください
[02-Jun-2021 17:18:36 Asia/Tokyo] 姓(漢字)を入力してください
[02-Jun-2021 17:19:31 Asia/Tokyo] E-mailを入力してください
[02-Jun-2021 17:19:31 Asia/Tokyo] 姓(漢字)を入力してください
[02-Jun-2021 17:21:04 Asia/Tokyo] E-mailを入力してください
[02-Jun-2021 17:21:04 Asia/Tokyo] 姓(漢字)を入力してください
[02-Jun-2021 17:21:07 Asia/Tokyo] E-mailを入力してください
[02-Jun-2021 17:21:07 Asia/Tokyo] 姓(漢字)を入力してください
[02-Jun-2021 17:23:47 Asia/Tokyo] E-mailを入力してください
[02-Jun-2021 17:23:47 Asia/Tokyo] 姓(漢字)を入力してください
[02-Jun-2021 17:23:51 Asia/Tokyo] E-mailを入力してください
[02-Jun-2021 17:23:51 Asia/Tokyo] 姓(漢字)を入力してください
[02-Jun-2021 17:25:10 Asia/Tokyo] E-mailを入力してください
[02-Jun-2021 17:25:10 Asia/Tokyo] 姓(漢字)を入力してください
[02-Jun-2021 17:25:10 Asia/Tokyo] 名(漢字)を入力してください
[02-Jun-2021 17:26:00 Asia/Tokyo] E-mailを入力してください
[02-Jun-2021 17:26:00 Asia/Tokyo] 姓(漢字)を入力してください
[02-Jun-2021 17:26:00 Asia/Tokyo] 名(漢字)を入力してください
[02-Jun-2021 17:26:00 Asia/Tokyo] 姓(カナ)を入力してください
[02-Jun-2021 17:27:15 Asia/Tokyo] E-mailを入力してください
[02-Jun-2021 17:27:15 Asia/Tokyo] 姓(漢字)を入力してください
[02-Jun-2021 17:27:15 Asia/Tokyo] 名(漢字)を入力してください
[02-Jun-2021 17:27:15 Asia/Tokyo] 姓(カナ)を入力してください
[02-Jun-2021 17:27:15 Asia/Tokyo] 名(カナ)を入力してください
[02-Jun-2021 17:28:30 Asia/Tokyo] E-mailを入力してください
[02-Jun-2021 17:28:30 Asia/Tokyo] 姓(漢字)を入力してください
[02-Jun-2021 17:28:30 Asia/Tokyo] 名(漢字)を入力してください
[02-Jun-2021 17:28:30 Asia/Tokyo] 姓(カナ)を入力してください
[02-Jun-2021 17:28:30 Asia/Tokyo] 名(カナ)を入力してください
[02-Jun-2021 17:28:30 Asia/Tokyo] 生年月日を入力してください
[02-Jun-2021 17:28:47 Asia/Tokyo] E-mailを入力してください
[02-Jun-2021 17:28:47 Asia/Tokyo] 姓(漢字)を入力してください
[02-Jun-2021 17:28:47 Asia/Tokyo] 名(漢字)を入力してください
[02-Jun-2021 17:28:47 Asia/Tokyo] 姓(カナ)を入力してください
[02-Jun-2021 17:28:47 Asia/Tokyo] 名(カナ)を入力してください
[02-Jun-2021 17:28:47 Asia/Tokyo] 生年月日を入力してください
[02-Jun-2021 17:29:26 Asia/Tokyo] E-mailを入力してください
[02-Jun-2021 17:29:26 Asia/Tokyo] 姓(漢字)を入力してください
[02-Jun-2021 17:29:26 Asia/Tokyo] 名(漢字)を入力してください
[02-Jun-2021 17:29:26 Asia/Tokyo] 姓(カナ)を入力してください
[02-Jun-2021 17:29:26 Asia/Tokyo] 名(カナ)を入力してください
[02-Jun-2021 17:29:26 Asia/Tokyo] 生年月日を入力してください
[02-Jun-2021 17:30:55 Asia/Tokyo] >>>>>>>>>>>>>>>>>>>>>>2011/01/01
[02-Jun-2021 17:30:55 Asia/Tokyo] E-mailを入力してください
[02-Jun-2021 17:30:55 Asia/Tokyo] 姓(漢字)を入力してください
[02-Jun-2021 17:30:55 Asia/Tokyo] 名(漢字)を入力してください
[02-Jun-2021 17:30:55 Asia/Tokyo] 姓(カナ)を入力してください
[02-Jun-2021 17:30:55 Asia/Tokyo] 名(カナ)を入力してください
[02-Jun-2021 17:30:55 Asia/Tokyo] 生年月日を入力してください
[02-Jun-2021 17:32:47 Asia/Tokyo] >>>>>>>>>>>>>>>>>>>>>>2011/01/011
[02-Jun-2021 17:32:47 Asia/Tokyo] E-mailを入力してください
[02-Jun-2021 17:32:47 Asia/Tokyo] 姓(漢字)を入力してください
[02-Jun-2021 17:32:47 Asia/Tokyo] 名(漢字)を入力してください
[02-Jun-2021 17:32:47 Asia/Tokyo] 姓(カナ)を入力してください
[02-Jun-2021 17:32:47 Asia/Tokyo] 名(カナ)を入力してください
[02-Jun-2021 17:32:47 Asia/Tokyo] 生年月日を入力してください
[02-Jun-2021 17:36:40 Asia/Tokyo] >>>>>>>>>>>>>>>>>>>>>>2011/01/01
[02-Jun-2021 17:36:40 Asia/Tokyo] E-mailを入力してください
[02-Jun-2021 17:36:40 Asia/Tokyo] 姓(漢字)を入力してください
[02-Jun-2021 17:36:40 Asia/Tokyo] 名(漢字)を入力してください
[02-Jun-2021 17:36:40 Asia/Tokyo] 姓(カナ)を入力してください
[02-Jun-2021 17:36:40 Asia/Tokyo] 名(カナ)を入力してください
[02-Jun-2021 17:36:40 Asia/Tokyo] 生年月日を入力してください
[02-Jun-2021 17:39:17 Asia/Tokyo] >>>>>>>>>>>>>>>>>>>>>>2011/01/01
[02-Jun-2021 17:39:17 Asia/Tokyo] aaaaaa
[02-Jun-2021 17:39:17 Asia/Tokyo] E-mailを入力してください
[02-Jun-2021 17:39:17 Asia/Tokyo] 姓(漢字)を入力してください
[02-Jun-2021 17:39:17 Asia/Tokyo] 名(漢字)を入力してください
[02-Jun-2021 17:39:17 Asia/Tokyo] 姓(カナ)を入力してください
[02-Jun-2021 17:39:17 Asia/Tokyo] 名(カナ)を入力してください
[02-Jun-2021 17:39:17 Asia/Tokyo] 生年月日を入力してください
[02-Jun-2021 17:44:44 Asia/Tokyo] >>>>>>>>>>>>>>>>>>>>>>2011/01/01
[02-Jun-2021 17:44:44 Asia/Tokyo] E-mailを入力してください
[02-Jun-2021 17:44:44 Asia/Tokyo] 姓(漢字)を入力してください
[02-Jun-2021 17:44:44 Asia/Tokyo] 名(漢字)を入力してください
[02-Jun-2021 17:44:44 Asia/Tokyo] 姓(カナ)を入力してください
[02-Jun-2021 17:44:44 Asia/Tokyo] 名(カナ)を入力してください
[02-Jun-2021 17:46:20 Asia/Tokyo] E-mailを入力してください
[02-Jun-2021 17:46:20 Asia/Tokyo] 姓(漢字)を入力してください
[02-Jun-2021 17:46:20 Asia/Tokyo] 名(漢字)を入力してください
[02-Jun-2021 17:46:20 Asia/Tokyo] 姓(カナ)を入力してください
[02-Jun-2021 17:46:20 Asia/Tokyo] 名(カナ)を入力してください
[02-Jun-2021 17:46:20 Asia/Tokyo] 郵便番号を入力してください
[02-Jun-2021 17:46:29 Asia/Tokyo] E-mailを入力してください
[02-Jun-2021 17:46:29 Asia/Tokyo] 姓(漢字)を入力してください
[02-Jun-2021 17:46:29 Asia/Tokyo] 名(漢字)を入力してください
[02-Jun-2021 17:46:29 Asia/Tokyo] 姓(カナ)を入力してください
[02-Jun-2021 17:46:29 Asia/Tokyo] 名(カナ)を入力してください
[02-Jun-2021 17:46:44 Asia/Tokyo] E-mailを入力してください
[02-Jun-2021 17:46:44 Asia/Tokyo] 姓(漢字)を入力してください
[02-Jun-2021 17:46:44 Asia/Tokyo] 名(漢字)を入力してください
[02-Jun-2021 17:46:44 Asia/Tokyo] 姓(カナ)を入力してください
[02-Jun-2021 17:46:44 Asia/Tokyo] 名(カナ)を入力してください
[02-Jun-2021 17:46:51 Asia/Tokyo] E-mailを入力してください
[02-Jun-2021 17:46:51 Asia/Tokyo] 姓(漢字)を入力してください
[02-Jun-2021 17:46:51 Asia/Tokyo] 名(漢字)を入力してください
[02-Jun-2021 17:46:51 Asia/Tokyo] 姓(カナ)を入力してください
[02-Jun-2021 17:46:51 Asia/Tokyo] 郵便番号を入力してください
[02-Jun-2021 17:48:43 Asia/Tokyo] E-mailを入力してください
[02-Jun-2021 17:48:43 Asia/Tokyo] 姓(漢字)を入力してください
[02-Jun-2021 17:48:43 Asia/Tokyo] 名(漢字)を入力してください
[02-Jun-2021 17:48:43 Asia/Tokyo] 姓(カナ)を入力してください
[02-Jun-2021 17:48:43 Asia/Tokyo] 郵便番号を入力してください
[02-Jun-2021 17:48:43 Asia/Tokyo] 住所：都道府県を入力してください
[02-Jun-2021 17:50:09 Asia/Tokyo] E-mailを入力してください
[02-Jun-2021 17:50:09 Asia/Tokyo] 姓(漢字)を入力してください
[02-Jun-2021 17:50:09 Asia/Tokyo] 名(漢字)を入力してください
[02-Jun-2021 17:50:09 Asia/Tokyo] 姓(カナ)を入力してください
[02-Jun-2021 17:50:09 Asia/Tokyo] 郵便番号を入力してください
[02-Jun-2021 17:50:09 Asia/Tokyo] 住所：都道府県を入力してください
[02-Jun-2021 17:50:09 Asia/Tokyo] 住所：市区町村を入力してください
[02-Jun-2021 17:52:41 Asia/Tokyo] E-mailを入力してください
[02-Jun-2021 17:52:41 Asia/Tokyo] 姓(漢字)を入力してください
[02-Jun-2021 17:52:41 Asia/Tokyo] 名(漢字)を入力してください
[02-Jun-2021 17:52:41 Asia/Tokyo] 姓(カナ)を入力してください
[02-Jun-2021 17:52:41 Asia/Tokyo] 郵便番号を入力してください
[02-Jun-2021 17:52:41 Asia/Tokyo] 住所：都道府県を入力してください
[02-Jun-2021 17:52:41 Asia/Tokyo] 住所：市区町村を入力してください
[02-Jun-2021 17:52:41 Asia/Tokyo] 住所：町名番地を入力してください
[02-Jun-2021 17:52:41 Asia/Tokyo] 住所：建物名を入力してください
[02-Jun-2021 17:53:08 Asia/Tokyo] E-mailを入力してください
[02-Jun-2021 17:53:08 Asia/Tokyo] 姓(漢字)を入力してください
[02-Jun-2021 17:53:08 Asia/Tokyo] 名(漢字)を入力してください
[02-Jun-2021 17:53:08 Asia/Tokyo] 姓(カナ)を入力してください
[02-Jun-2021 17:53:08 Asia/Tokyo] 郵便番号を入力してください
[02-Jun-2021 17:53:08 Asia/Tokyo] 住所：都道府県を入力してください
[02-Jun-2021 17:53:08 Asia/Tokyo] 住所：市区町村を入力してください
[02-Jun-2021 17:53:08 Asia/Tokyo] 住所：町名番地を入力してください
[02-Jun-2021 17:53:08 Asia/Tokyo] 住所：建物名を入力してください
[02-Jun-2021 17:53:08 Asia/Tokyo] パスワードを入力してください
[02-Jun-2021 17:54:07 Asia/Tokyo] E-mailを入力してください
[02-Jun-2021 17:54:07 Asia/Tokyo] 姓(漢字)を入力してください
[02-Jun-2021 17:54:07 Asia/Tokyo] 名(漢字)を入力してください
[02-Jun-2021 17:54:07 Asia/Tokyo] 姓(カナ)を入力してください
[02-Jun-2021 17:54:07 Asia/Tokyo] 名(カナ)を入力してください
[02-Jun-2021 17:54:07 Asia/Tokyo] 郵便番号を入力してください
[02-Jun-2021 17:54:07 Asia/Tokyo] 住所：都道府県を入力してください
[02-Jun-2021 17:54:07 Asia/Tokyo] 住所：市区町村を入力してください
[02-Jun-2021 17:54:07 Asia/Tokyo] 住所：町名番地を入力してください
[02-Jun-2021 17:54:07 Asia/Tokyo] 住所：建物名を入力してください
[02-Jun-2021 17:54:07 Asia/Tokyo] パスワードを入力してください
[02-Jun-2021 17:55:55 Asia/Tokyo] E-mailを入力してください
[02-Jun-2021 17:55:55 Asia/Tokyo] 姓(漢字)を入力してください
[02-Jun-2021 17:55:55 Asia/Tokyo] 名(漢字)を入力してください
[02-Jun-2021 17:55:55 Asia/Tokyo] 姓(カナ)を入力してください
[02-Jun-2021 17:55:55 Asia/Tokyo] 名(カナ)を入力してください
[02-Jun-2021 17:55:55 Asia/Tokyo] 郵便番号を入力してください
[02-Jun-2021 17:55:55 Asia/Tokyo] 住所：都道府県を入力してください
[02-Jun-2021 17:55:55 Asia/Tokyo] 住所：市区町村を入力してください
[02-Jun-2021 17:55:55 Asia/Tokyo] 住所：町名番地を入力してください
[02-Jun-2021 17:55:55 Asia/Tokyo] 住所：建物名を入力してください
[02-Jun-2021 17:55:55 Asia/Tokyo] パスワードを入力してください
[02-Jun-2021 18:03:58 Asia/Tokyo] E-mailを入力してください
[02-Jun-2021 18:03:58 Asia/Tokyo] 姓(漢字)を入力してください
[02-Jun-2021 18:03:58 Asia/Tokyo] 名(漢字)を入力してください
[02-Jun-2021 18:03:58 Asia/Tokyo] 姓(カナ)を入力してください
[02-Jun-2021 18:03:58 Asia/Tokyo] 名(カナ)を入力してください
[02-Jun-2021 18:03:58 Asia/Tokyo] 郵便番号を入力してください
[02-Jun-2021 18:03:58 Asia/Tokyo] 住所：都道府県を入力してください
[02-Jun-2021 18:03:58 Asia/Tokyo] 住所：市区町村を入力してください
[02-Jun-2021 18:03:58 Asia/Tokyo] 住所：町名番地を入力してください
[02-Jun-2021 18:03:58 Asia/Tokyo] 住所：建物名を入力してください
[02-Jun-2021 18:03:58 Asia/Tokyo] パスワードを入力してください
[02-Jun-2021 18:04:47 Asia/Tokyo] E-mailを入力してください
[02-Jun-2021 18:04:47 Asia/Tokyo] 姓(漢字)を入力してください
[02-Jun-2021 18:04:47 Asia/Tokyo] 名(漢字)を入力してください
[02-Jun-2021 18:04:47 Asia/Tokyo] 姓(カナ)を入力してください
[02-Jun-2021 18:04:47 Asia/Tokyo] 名(カナ)を入力してください
[02-Jun-2021 18:04:47 Asia/Tokyo] 郵便番号を入力してください
[02-Jun-2021 18:04:47 Asia/Tokyo] 住所：都道府県を入力してください
[02-Jun-2021 18:04:47 Asia/Tokyo] 住所：市区町村を入力してください
[02-Jun-2021 18:04:47 Asia/Tokyo] 住所：町名番地を入力してください
[02-Jun-2021 18:04:47 Asia/Tokyo] 住所：建物名を入力してください
[02-Jun-2021 18:04:47 Asia/Tokyo] パスワードを入力してください
[02-Jun-2021 18:04:53 Asia/Tokyo] E-mailを入力してください
[02-Jun-2021 18:04:53 Asia/Tokyo] 姓(漢字)を入力してください
[02-Jun-2021 18:04:53 Asia/Tokyo] 名(漢字)を入力してください
[02-Jun-2021 18:04:53 Asia/Tokyo] 姓(カナ)を入力してください
[02-Jun-2021 18:04:53 Asia/Tokyo] 名(カナ)を入力してください
[02-Jun-2021 18:04:53 Asia/Tokyo] 郵便番号を入力してください
[02-Jun-2021 18:04:53 Asia/Tokyo] 住所：都道府県を入力してください
[02-Jun-2021 18:04:53 Asia/Tokyo] 住所：市区町村を入力してください
[02-Jun-2021 18:04:53 Asia/Tokyo] 住所：町名番地を入力してください
[02-Jun-2021 18:04:53 Asia/Tokyo] 住所：建物名を入力してください
[02-Jun-2021 18:04:53 Asia/Tokyo] パスワードを入力してください
[02-Jun-2021 18:35:46 Asia/Tokyo] E-mailを入力してください
[02-Jun-2021 18:35:46 Asia/Tokyo] 姓(漢字)を入力してください
[02-Jun-2021 18:35:46 Asia/Tokyo] 名(漢字)を入力してください
[02-Jun-2021 18:35:46 Asia/Tokyo] 姓(カナ)を入力してください
[02-Jun-2021 18:35:46 Asia/Tokyo] 名(カナ)を入力してください
[02-Jun-2021 18:35:46 Asia/Tokyo] 郵便番号を入力してください
[02-Jun-2021 18:35:46 Asia/Tokyo] 住所：都道府県を入力してください
[02-Jun-2021 18:35:46 Asia/Tokyo] 住所：市区町村を入力してください
[02-Jun-2021 18:35:46 Asia/Tokyo] 住所：町名番地を入力してください
[02-Jun-2021 18:35:46 Asia/Tokyo] 住所：建物名を入力してください
[02-Jun-2021 18:35:46 Asia/Tokyo] パスワードを入力してください
[03-Jun-2021 13:33:29 Asia/Tokyo] E-mailを入力してください
[03-Jun-2021 13:33:29 Asia/Tokyo] 名(漢字)を入力してください
[03-Jun-2021 13:33:29 Asia/Tokyo] 姓(カナ)を入力してください
[03-Jun-2021 13:33:29 Asia/Tokyo] 名(カナ)を入力してください
[03-Jun-2021 13:33:29 Asia/Tokyo] 郵便番号を入力してください
[03-Jun-2021 13:33:29 Asia/Tokyo] 住所：都道府県を入力してください
[03-Jun-2021 13:33:29 Asia/Tokyo] 住所：市区町村を入力してください
[03-Jun-2021 13:33:29 Asia/Tokyo] 住所：町名番地を入力してください
[03-Jun-2021 13:33:29 Asia/Tokyo] 住所：建物名を入力してください
[03-Jun-2021 13:33:29 Asia/Tokyo] パスワードを入力してください
[03-Jun-2021 13:33:37 Asia/Tokyo] E-mailを入力してください
[03-Jun-2021 13:33:37 Asia/Tokyo] 全角文字で入力してください
[03-Jun-2021 13:33:37 Asia/Tokyo] 名(漢字)を入力してください
[03-Jun-2021 13:33:37 Asia/Tokyo] 姓(カナ)を入力してください
[03-Jun-2021 13:33:37 Asia/Tokyo] 名(カナ)を入力してください
[03-Jun-2021 13:33:37 Asia/Tokyo] 郵便番号を入力してください
[03-Jun-2021 13:33:37 Asia/Tokyo] 住所：都道府県を入力してください
[03-Jun-2021 13:33:37 Asia/Tokyo] 住所：市区町村を入力してください
[03-Jun-2021 13:33:37 Asia/Tokyo] 住所：町名番地を入力してください
[03-Jun-2021 13:33:37 Asia/Tokyo] 住所：建物名を入力してください
[03-Jun-2021 13:33:37 Asia/Tokyo] パスワードを入力してください
[03-Jun-2021 13:33:49 Asia/Tokyo] 名(漢字)を入力してください
[03-Jun-2021 13:33:49 Asia/Tokyo] 姓(カナ)を入力してください
[03-Jun-2021 13:33:49 Asia/Tokyo] 名(カナ)を入力してください
[03-Jun-2021 13:33:49 Asia/Tokyo] 郵便番号を入力してください
[03-Jun-2021 13:33:49 Asia/Tokyo] 住所：都道府県を入力してください
[03-Jun-2021 13:33:49 Asia/Tokyo] 住所：市区町村を入力してください
[03-Jun-2021 13:33:49 Asia/Tokyo] 住所：町名番地を入力してください
[03-Jun-2021 13:33:49 Asia/Tokyo] 住所：建物名を入力してください
[03-Jun-2021 13:33:49 Asia/Tokyo] パスワードを入力してください
[03-Jun-2021 13:42:03 Asia/Tokyo] 名(漢字)を入力してください
[03-Jun-2021 13:42:03 Asia/Tokyo] 姓(カナ)を入力してください
[03-Jun-2021 13:42:03 Asia/Tokyo] 名(カナ)を入力してください
[03-Jun-2021 13:42:03 Asia/Tokyo] 郵便番号を入力してください
[03-Jun-2021 13:42:03 Asia/Tokyo] 住所：都道府県を入力してください
[03-Jun-2021 13:42:03 Asia/Tokyo] 住所：市区町村を入力してください
[03-Jun-2021 13:42:03 Asia/Tokyo] 住所：町名番地を入力してください
[03-Jun-2021 13:42:03 Asia/Tokyo] 住所：建物名を入力してください
[03-Jun-2021 13:42:03 Asia/Tokyo] パスワードを入力してください
[03-Jun-2021 13:42:08 Asia/Tokyo] E-mailを入力してください
[03-Jun-2021 13:42:08 Asia/Tokyo] 姓(漢字)は全角文字で入力してください
[03-Jun-2021 13:42:08 Asia/Tokyo] 名(漢字)を入力してください
[03-Jun-2021 13:42:08 Asia/Tokyo] 姓(カナ)を入力してください
[03-Jun-2021 13:42:08 Asia/Tokyo] 名(カナ)を入力してください
[03-Jun-2021 13:42:08 Asia/Tokyo] 郵便番号を入力してください
[03-Jun-2021 13:42:08 Asia/Tokyo] 住所：都道府県を入力してください
[03-Jun-2021 13:42:08 Asia/Tokyo] 住所：市区町村を入力してください
[03-Jun-2021 13:42:08 Asia/Tokyo] 住所：町名番地を入力してください
[03-Jun-2021 13:42:08 Asia/Tokyo] 住所：建物名を入力してください
[03-Jun-2021 13:42:08 Asia/Tokyo] パスワードを入力してください
[03-Jun-2021 13:49:57 Asia/Tokyo] E-mailを入力してください
[03-Jun-2021 13:49:57 Asia/Tokyo] 名(漢字)を入力してください
[03-Jun-2021 13:49:57 Asia/Tokyo] 姓(カナ)を入力してください
[03-Jun-2021 13:49:57 Asia/Tokyo] 名(カナ)を入力してください
[03-Jun-2021 13:49:57 Asia/Tokyo] 郵便番号を入力してください
[03-Jun-2021 13:49:57 Asia/Tokyo] 住所：都道府県を入力してください
[03-Jun-2021 13:49:57 Asia/Tokyo] 住所：市区町村を入力してください
[03-Jun-2021 13:49:57 Asia/Tokyo] 住所：町名番地を入力してください
[03-Jun-2021 13:49:57 Asia/Tokyo] 住所：建物名を入力してください
[03-Jun-2021 13:49:57 Asia/Tokyo] パスワードを入力してください
[03-Jun-2021 13:50:07 Asia/Tokyo] E-mailを入力してください
[03-Jun-2021 13:50:07 Asia/Tokyo] 姓(漢字)は全角文字で入力してください
[03-Jun-2021 13:50:07 Asia/Tokyo] 名(漢字)を入力してください
[03-Jun-2021 13:50:07 Asia/Tokyo] 姓(カナ)を入力してください
[03-Jun-2021 13:50:07 Asia/Tokyo] 名(カナ)を入力してください
[03-Jun-2021 13:50:07 Asia/Tokyo] 郵便番号を入力してください
[03-Jun-2021 13:50:07 Asia/Tokyo] 住所：都道府県を入力してください
[03-Jun-2021 13:50:07 Asia/Tokyo] 住所：市区町村を入力してください
[03-Jun-2021 13:50:07 Asia/Tokyo] 住所：町名番地を入力してください
[03-Jun-2021 13:50:07 Asia/Tokyo] 住所：建物名を入力してください
[03-Jun-2021 13:50:07 Asia/Tokyo] パスワードを入力してください
[03-Jun-2021 13:57:07 Asia/Tokyo] E-mailを入力してください
[03-Jun-2021 13:57:07 Asia/Tokyo] 名(漢字)を入力してください
[03-Jun-2021 13:57:07 Asia/Tokyo] 姓(カナ)を入力してください
[03-Jun-2021 13:57:07 Asia/Tokyo] 名(カナ)を入力してください
[03-Jun-2021 13:57:07 Asia/Tokyo] 郵便番号を入力してください
[03-Jun-2021 13:57:07 Asia/Tokyo] 住所：都道府県を入力してください
[03-Jun-2021 13:57:07 Asia/Tokyo] 住所：市区町村を入力してください
[03-Jun-2021 13:57:07 Asia/Tokyo] 住所：町名番地を入力してください
[03-Jun-2021 13:57:07 Asia/Tokyo] 住所：建物名を入力してください
[03-Jun-2021 13:57:07 Asia/Tokyo] パスワードを入力してください
[03-Jun-2021 13:57:11 Asia/Tokyo] E-mailを入力してください
[03-Jun-2021 13:57:11 Asia/Tokyo] 名(漢字)を入力してください
[03-Jun-2021 13:57:11 Asia/Tokyo] 姓(カナ)を入力してください
[03-Jun-2021 13:57:11 Asia/Tokyo] 名(カナ)を入力してください
[03-Jun-2021 13:57:11 Asia/Tokyo] 郵便番号を入力してください
[03-Jun-2021 13:57:11 Asia/Tokyo] 住所：都道府県を入力してください
[03-Jun-2021 13:57:11 Asia/Tokyo] 住所：市区町村を入力してください
[03-Jun-2021 13:57:11 Asia/Tokyo] 住所：町名番地を入力してください
[03-Jun-2021 13:57:11 Asia/Tokyo] 住所：建物名を入力してください
[03-Jun-2021 13:57:11 Asia/Tokyo] パスワードを入力してください
[03-Jun-2021 13:57:16 Asia/Tokyo] E-mailを入力してください
[03-Jun-2021 13:57:16 Asia/Tokyo] 名(漢字)を入力してください
[03-Jun-2021 13:57:16 Asia/Tokyo] 姓(カナ)を入力してください
[03-Jun-2021 13:57:16 Asia/Tokyo] 名(カナ)を入力してください
[03-Jun-2021 13:57:16 Asia/Tokyo] 郵便番号を入力してください
[03-Jun-2021 13:57:16 Asia/Tokyo] 住所：都道府県を入力してください
[03-Jun-2021 13:57:16 Asia/Tokyo] 住所：市区町村を入力してください
[03-Jun-2021 13:57:16 Asia/Tokyo] 住所：町名番地を入力してください
[03-Jun-2021 13:57:16 Asia/Tokyo] 住所：建物名を入力してください
[03-Jun-2021 13:57:16 Asia/Tokyo] パスワードを入力してください
[03-Jun-2021 13:57:22 Asia/Tokyo] E-mailを入力してください
[03-Jun-2021 13:57:22 Asia/Tokyo] 名(漢字)を入力してください
[03-Jun-2021 13:57:22 Asia/Tokyo] 姓(カナ)を入力してください
[03-Jun-2021 13:57:22 Asia/Tokyo] 名(カナ)を入力してください
[03-Jun-2021 13:57:22 Asia/Tokyo] 郵便番号を入力してください
[03-Jun-2021 13:57:22 Asia/Tokyo] 住所：都道府県を入力してください
[03-Jun-2021 13:57:22 Asia/Tokyo] 住所：市区町村を入力してください
[03-Jun-2021 13:57:22 Asia/Tokyo] 住所：町名番地を入力してください
[03-Jun-2021 13:57:22 Asia/Tokyo] 住所：建物名を入力してください
[03-Jun-2021 13:57:22 Asia/Tokyo] パスワードを入力してください
[03-Jun-2021 13:59:13 Asia/Tokyo] E-mailを入力してください
[03-Jun-2021 13:59:13 Asia/Tokyo] 姓(漢字)は全角文字で入力してください
[03-Jun-2021 13:59:13 Asia/Tokyo] 名(漢字)を入力してください
[03-Jun-2021 13:59:13 Asia/Tokyo] 姓(カナ)を入力してください
[03-Jun-2021 13:59:13 Asia/Tokyo] 名(カナ)を入力してください
[03-Jun-2021 13:59:13 Asia/Tokyo] 郵便番号を入力してください
[03-Jun-2021 13:59:13 Asia/Tokyo] 住所：都道府県を入力してください
[03-Jun-2021 13:59:13 Asia/Tokyo] 住所：市区町村を入力してください
[03-Jun-2021 13:59:13 Asia/Tokyo] 住所：町名番地を入力してください
[03-Jun-2021 13:59:13 Asia/Tokyo] 住所：建物名を入力してください
[03-Jun-2021 13:59:13 Asia/Tokyo] パスワードを入力してください
[03-Jun-2021 13:59:18 Asia/Tokyo] E-mailを入力してください
[03-Jun-2021 13:59:18 Asia/Tokyo] 姓(漢字)は全角文字で入力してください
[03-Jun-2021 13:59:18 Asia/Tokyo] 名(漢字)を入力してください
[03-Jun-2021 13:59:18 Asia/Tokyo] 姓(カナ)を入力してください
[03-Jun-2021 13:59:18 Asia/Tokyo] 名(カナ)を入力してください
[03-Jun-2021 13:59:18 Asia/Tokyo] 郵便番号を入力してください
[03-Jun-2021 13:59:18 Asia/Tokyo] 住所：都道府県を入力してください
[03-Jun-2021 13:59:18 Asia/Tokyo] 住所：市区町村を入力してください
[03-Jun-2021 13:59:18 Asia/Tokyo] 住所：町名番地を入力してください
[03-Jun-2021 13:59:18 Asia/Tokyo] 住所：建物名を入力してください
[03-Jun-2021 13:59:18 Asia/Tokyo] パスワードを入力してください
[03-Jun-2021 13:59:22 Asia/Tokyo] E-mailを入力してください
[03-Jun-2021 13:59:22 Asia/Tokyo] 名(漢字)を入力してください
[03-Jun-2021 13:59:22 Asia/Tokyo] 姓(カナ)を入力してください
[03-Jun-2021 13:59:22 Asia/Tokyo] 名(カナ)を入力してください
[03-Jun-2021 13:59:22 Asia/Tokyo] 郵便番号を入力してください
[03-Jun-2021 13:59:22 Asia/Tokyo] 住所：都道府県を入力してください
[03-Jun-2021 13:59:22 Asia/Tokyo] 住所：市区町村を入力してください
[03-Jun-2021 13:59:22 Asia/Tokyo] 住所：町名番地を入力してください
[03-Jun-2021 13:59:22 Asia/Tokyo] 住所：建物名を入力してください
[03-Jun-2021 13:59:22 Asia/Tokyo] パスワードを入力してください
[03-Jun-2021 13:59:28 Asia/Tokyo] E-mailを入力してください
[03-Jun-2021 13:59:28 Asia/Tokyo] 姓(漢字)は全角文字で入力してください
[03-Jun-2021 13:59:28 Asia/Tokyo] 名(漢字)を入力してください
[03-Jun-2021 13:59:28 Asia/Tokyo] 姓(カナ)を入力してください
[03-Jun-2021 13:59:28 Asia/Tokyo] 名(カナ)を入力してください
[03-Jun-2021 13:59:28 Asia/Tokyo] 郵便番号を入力してください
[03-Jun-2021 13:59:28 Asia/Tokyo] 住所：都道府県を入力してください
[03-Jun-2021 13:59:28 Asia/Tokyo] 住所：市区町村を入力してください
[03-Jun-2021 13:59:28 Asia/Tokyo] 住所：町名番地を入力してください
[03-Jun-2021 13:59:28 Asia/Tokyo] 住所：建物名を入力してください
[03-Jun-2021 13:59:28 Asia/Tokyo] パスワードを入力してください
[03-Jun-2021 13:59:35 Asia/Tokyo] E-mailを入力してください
[03-Jun-2021 13:59:35 Asia/Tokyo] 姓(漢字)は全角文字で入力してください
[03-Jun-2021 13:59:35 Asia/Tokyo] 名(漢字)を入力してください
[03-Jun-2021 13:59:35 Asia/Tokyo] 姓(カナ)を入力してください
[03-Jun-2021 13:59:35 Asia/Tokyo] 名(カナ)を入力してください
[03-Jun-2021 13:59:35 Asia/Tokyo] 郵便番号を入力してください
[03-Jun-2021 13:59:35 Asia/Tokyo] 住所：都道府県を入力してください
[03-Jun-2021 13:59:35 Asia/Tokyo] 住所：市区町村を入力してください
[03-Jun-2021 13:59:35 Asia/Tokyo] 住所：町名番地を入力してください
[03-Jun-2021 13:59:35 Asia/Tokyo] 住所：建物名を入力してください
[03-Jun-2021 13:59:35 Asia/Tokyo] パスワードを入力してください
[03-Jun-2021 14:00:18 Asia/Tokyo] E-mailを入力してください
[03-Jun-2021 14:00:18 Asia/Tokyo] 姓(漢字)は全角文字で入力してください
[03-Jun-2021 14:00:18 Asia/Tokyo] 名(漢字)を入力してください
[03-Jun-2021 14:00:18 Asia/Tokyo] 姓(カナ)を入力してください
[03-Jun-2021 14:00:18 Asia/Tokyo] 名(カナ)を入力してください
[03-Jun-2021 14:00:18 Asia/Tokyo] 郵便番号を入力してください
[03-Jun-2021 14:00:18 Asia/Tokyo] 住所：都道府県を入力してください
[03-Jun-2021 14:00:18 Asia/Tokyo] 住所：市区町村を入力してください
[03-Jun-2021 14:00:18 Asia/Tokyo] 住所：町名番地を入力してください
[03-Jun-2021 14:00:18 Asia/Tokyo] 住所：建物名を入力してください
[03-Jun-2021 14:00:18 Asia/Tokyo] パスワードを入力してください
[03-Jun-2021 14:01:11 Asia/Tokyo] E-mailを入力してください
[03-Jun-2021 14:01:11 Asia/Tokyo] 名(漢字)を入力してください
[03-Jun-2021 14:01:11 Asia/Tokyo] 姓(カナ)を入力してください
[03-Jun-2021 14:01:11 Asia/Tokyo] 名(カナ)を入力してください
[03-Jun-2021 14:01:11 Asia/Tokyo] 郵便番号を入力してください
[03-Jun-2021 14:01:11 Asia/Tokyo] 住所：都道府県を入力してください
[03-Jun-2021 14:01:11 Asia/Tokyo] 住所：市区町村を入力してください
[03-Jun-2021 14:01:11 Asia/Tokyo] 住所：町名番地を入力してください
[03-Jun-2021 14:01:11 Asia/Tokyo] 住所：建物名を入力してください
[03-Jun-2021 14:01:11 Asia/Tokyo] パスワードを入力してください
[03-Jun-2021 14:01:17 Asia/Tokyo] E-mailを入力してください
[03-Jun-2021 14:01:17 Asia/Tokyo] 名(漢字)を入力してください
[03-Jun-2021 14:01:17 Asia/Tokyo] 姓(カナ)を入力してください
[03-Jun-2021 14:01:17 Asia/Tokyo] 名(カナ)を入力してください
[03-Jun-2021 14:01:17 Asia/Tokyo] 郵便番号を入力してください
[03-Jun-2021 14:01:17 Asia/Tokyo] 住所：都道府県を入力してください
[03-Jun-2021 14:01:17 Asia/Tokyo] 住所：市区町村を入力してください
[03-Jun-2021 14:01:17 Asia/Tokyo] 住所：町名番地を入力してください
[03-Jun-2021 14:01:17 Asia/Tokyo] 住所：建物名を入力してください
[03-Jun-2021 14:01:17 Asia/Tokyo] パスワードを入力してください
[03-Jun-2021 14:01:21 Asia/Tokyo] E-mailを入力してください
[03-Jun-2021 14:01:21 Asia/Tokyo] 名(漢字)を入力してください
[03-Jun-2021 14:01:21 Asia/Tokyo] 姓(カナ)を入力してください
[03-Jun-2021 14:01:21 Asia/Tokyo] 名(カナ)を入力してください
[03-Jun-2021 14:01:21 Asia/Tokyo] 郵便番号を入力してください
[03-Jun-2021 14:01:21 Asia/Tokyo] 住所：都道府県を入力してください
[03-Jun-2021 14:01:21 Asia/Tokyo] 住所：市区町村を入力してください
[03-Jun-2021 14:01:21 Asia/Tokyo] 住所：町名番地を入力してください
[03-Jun-2021 14:01:21 Asia/Tokyo] 住所：建物名を入力してください
[03-Jun-2021 14:01:21 Asia/Tokyo] パスワードを入力してください
[03-Jun-2021 14:01:25 Asia/Tokyo] E-mailを入力してください
[03-Jun-2021 14:01:25 Asia/Tokyo] 姓(漢字)は全角文字で入力してください
[03-Jun-2021 14:01:25 Asia/Tokyo] 名(漢字)を入力してください
[03-Jun-2021 14:01:25 Asia/Tokyo] 姓(カナ)を入力してください
[03-Jun-2021 14:01:25 Asia/Tokyo] 名(カナ)を入力してください
[03-Jun-2021 14:01:25 Asia/Tokyo] 郵便番号を入力してください
[03-Jun-2021 14:01:25 Asia/Tokyo] 住所：都道府県を入力してください
[03-Jun-2021 14:01:25 Asia/Tokyo] 住所：市区町村を入力してください
[03-Jun-2021 14:01:25 Asia/Tokyo] 住所：町名番地を入力してください
[03-Jun-2021 14:01:25 Asia/Tokyo] 住所：建物名を入力してください
[03-Jun-2021 14:01:25 Asia/Tokyo] パスワードを入力してください
[03-Jun-2021 14:01:30 Asia/Tokyo] E-mailを入力してください
[03-Jun-2021 14:01:30 Asia/Tokyo] 名(漢字)を入力してください
[03-Jun-2021 14:01:30 Asia/Tokyo] 姓(カナ)を入力してください
[03-Jun-2021 14:01:30 Asia/Tokyo] 名(カナ)を入力してください
[03-Jun-2021 14:01:30 Asia/Tokyo] 郵便番号を入力してください
[03-Jun-2021 14:01:30 Asia/Tokyo] 住所：都道府県を入力してください
[03-Jun-2021 14:01:30 Asia/Tokyo] 住所：市区町村を入力してください
[03-Jun-2021 14:01:30 Asia/Tokyo] 住所：町名番地を入力してください
[03-Jun-2021 14:01:30 Asia/Tokyo] 住所：建物名を入力してください
[03-Jun-2021 14:01:30 Asia/Tokyo] パスワードを入力してください
[03-Jun-2021 14:01:37 Asia/Tokyo] E-mailを入力してください
[03-Jun-2021 14:01:37 Asia/Tokyo] 名(漢字)を入力してください
[03-Jun-2021 14:01:37 Asia/Tokyo] 姓(カナ)を入力してください
[03-Jun-2021 14:01:37 Asia/Tokyo] 名(カナ)を入力してください
[03-Jun-2021 14:01:37 Asia/Tokyo] 郵便番号を入力してください
[03-Jun-2021 14:01:37 Asia/Tokyo] 住所：都道府県を入力してください
[03-Jun-2021 14:01:37 Asia/Tokyo] 住所：市区町村を入力してください
[03-Jun-2021 14:01:37 Asia/Tokyo] 住所：町名番地を入力してください
[03-Jun-2021 14:01:37 Asia/Tokyo] 住所：建物名を入力してください
[03-Jun-2021 14:01:37 Asia/Tokyo] パスワードを入力してください
[03-Jun-2021 14:47:30 Asia/Tokyo] E-mailを入力してください
[03-Jun-2021 14:47:30 Asia/Tokyo] 名(漢字)を入力してください
[03-Jun-2021 14:47:30 Asia/Tokyo] 姓(カナ)を入力してください
[03-Jun-2021 14:47:30 Asia/Tokyo] 名(カナ)を入力してください
[03-Jun-2021 14:47:30 Asia/Tokyo] 郵便番号を入力してください
[03-Jun-2021 14:47:30 Asia/Tokyo] 住所：都道府県を入力してください
[03-Jun-2021 14:47:30 Asia/Tokyo] 住所：市区町村を入力してください
[03-Jun-2021 14:47:30 Asia/Tokyo] 住所：町名番地を入力してください
[03-Jun-2021 14:47:30 Asia/Tokyo] 住所：建物名を入力してください
[03-Jun-2021 14:47:30 Asia/Tokyo] パスワードを入力してください
[03-Jun-2021 14:47:36 Asia/Tokyo] E-mailを入力してください
[03-Jun-2021 14:47:36 Asia/Tokyo] 姓(漢字)は全角文字で入力してください
[03-Jun-2021 14:47:36 Asia/Tokyo] 名(漢字)を入力してください
[03-Jun-2021 14:47:36 Asia/Tokyo] 姓(カナ)を入力してください
[03-Jun-2021 14:47:36 Asia/Tokyo] 名(カナ)を入力してください
[03-Jun-2021 14:47:36 Asia/Tokyo] 郵便番号を入力してください
[03-Jun-2021 14:47:36 Asia/Tokyo] 住所：都道府県を入力してください
[03-Jun-2021 14:47:36 Asia/Tokyo] 住所：市区町村を入力してください
[03-Jun-2021 14:47:36 Asia/Tokyo] 住所：町名番地を入力してください
[03-Jun-2021 14:47:36 Asia/Tokyo] 住所：建物名を入力してください
[03-Jun-2021 14:47:36 Asia/Tokyo] パスワードを入力してください
[03-Jun-2021 14:47:43 Asia/Tokyo] E-mailを入力してください
[03-Jun-2021 14:47:43 Asia/Tokyo] 名(漢字)を入力してください
[03-Jun-2021 14:47:43 Asia/Tokyo] 姓(カナ)を入力してください
[03-Jun-2021 14:47:43 Asia/Tokyo] 名(カナ)を入力してください
[03-Jun-2021 14:47:43 Asia/Tokyo] 郵便番号を入力してください
[03-Jun-2021 14:47:43 Asia/Tokyo] 住所：都道府県を入力してください
[03-Jun-2021 14:47:43 Asia/Tokyo] 住所：市区町村を入力してください
[03-Jun-2021 14:47:43 Asia/Tokyo] 住所：町名番地を入力してください
[03-Jun-2021 14:47:43 Asia/Tokyo] 住所：建物名を入力してください
[03-Jun-2021 14:47:43 Asia/Tokyo] パスワードを入力してください
[03-Jun-2021 14:47:48 Asia/Tokyo] E-mailを入力してください
[03-Jun-2021 14:47:48 Asia/Tokyo] 名(漢字)を入力してください
[03-Jun-2021 14:47:48 Asia/Tokyo] 姓(カナ)を入力してください
[03-Jun-2021 14:47:48 Asia/Tokyo] 名(カナ)を入力してください
[03-Jun-2021 14:47:48 Asia/Tokyo] 郵便番号を入力してください
[03-Jun-2021 14:47:48 Asia/Tokyo] 住所：都道府県を入力してください
[03-Jun-2021 14:47:48 Asia/Tokyo] 住所：市区町村を入力してください
[03-Jun-2021 14:47:48 Asia/Tokyo] 住所：町名番地を入力してください
[03-Jun-2021 14:47:48 Asia/Tokyo] 住所：建物名を入力してください
[03-Jun-2021 14:47:48 Asia/Tokyo] パスワードを入力してください
[03-Jun-2021 14:47:54 Asia/Tokyo] E-mailを入力してください
[03-Jun-2021 14:47:54 Asia/Tokyo] 名(漢字)を入力してください
[03-Jun-2021 14:47:54 Asia/Tokyo] 姓(カナ)を入力してください
[03-Jun-2021 14:47:54 Asia/Tokyo] 名(カナ)を入力してください
[03-Jun-2021 14:47:54 Asia/Tokyo] 郵便番号を入力してください
[03-Jun-2021 14:47:54 Asia/Tokyo] 住所：都道府県を入力してください
[03-Jun-2021 14:47:54 Asia/Tokyo] 住所：市区町村を入力してください
[03-Jun-2021 14:47:54 Asia/Tokyo] 住所：町名番地を入力してください
[03-Jun-2021 14:47:54 Asia/Tokyo] 住所：建物名を入力してください
[03-Jun-2021 14:47:54 Asia/Tokyo] パスワードを入力してください
[03-Jun-2021 15:05:19 Asia/Tokyo] E-mailを入力してください
[03-Jun-2021 15:05:19 Asia/Tokyo] 名(漢字)を入力してください
[03-Jun-2021 15:05:19 Asia/Tokyo] 姓(カナ)を入力してください
[03-Jun-2021 15:05:19 Asia/Tokyo] 名(カナ)を入力してください
[03-Jun-2021 15:05:19 Asia/Tokyo] 郵便番号を入力してください
[03-Jun-2021 15:05:19 Asia/Tokyo] 住所：都道府県を入力してください
[03-Jun-2021 15:05:19 Asia/Tokyo] 住所：市区町村を入力してください
[03-Jun-2021 15:05:19 Asia/Tokyo] 住所：町名番地を入力してください
[03-Jun-2021 15:05:19 Asia/Tokyo] 住所：建物名を入力してください
[03-Jun-2021 15:05:19 Asia/Tokyo] パスワードを入力してください
[03-Jun-2021 15:05:25 Asia/Tokyo] E-mailを入力してください
[03-Jun-2021 15:05:25 Asia/Tokyo] 姓(漢字)は全角文字で入力してください
[03-Jun-2021 15:05:25 Asia/Tokyo] 名(漢字)を入力してください
[03-Jun-2021 15:05:25 Asia/Tokyo] 姓(カナ)を入力してください
[03-Jun-2021 15:05:25 Asia/Tokyo] 名(カナ)を入力してください
[03-Jun-2021 15:05:25 Asia/Tokyo] 郵便番号を入力してください
[03-Jun-2021 15:05:25 Asia/Tokyo] 住所：都道府県を入力してください
[03-Jun-2021 15:05:25 Asia/Tokyo] 住所：市区町村を入力してください
[03-Jun-2021 15:05:25 Asia/Tokyo] 住所：町名番地を入力してください
[03-Jun-2021 15:05:25 Asia/Tokyo] 住所：建物名を入力してください
[03-Jun-2021 15:05:25 Asia/Tokyo] パスワードを入力してください
[03-Jun-2021 15:05:30 Asia/Tokyo] E-mailを入力してください
[03-Jun-2021 15:05:30 Asia/Tokyo] 姓(漢字)は全角文字で入力してください
[03-Jun-2021 15:05:30 Asia/Tokyo] 名(漢字)を入力してください
[03-Jun-2021 15:05:30 Asia/Tokyo] 姓(カナ)を入力してください
[03-Jun-2021 15:05:30 Asia/Tokyo] 名(カナ)を入力してください
[03-Jun-2021 15:05:30 Asia/Tokyo] 郵便番号を入力してください
[03-Jun-2021 15:05:30 Asia/Tokyo] 住所：都道府県を入力してください
[03-Jun-2021 15:05:30 Asia/Tokyo] 住所：市区町村を入力してください
[03-Jun-2021 15:05:30 Asia/Tokyo] 住所：町名番地を入力してください
[03-Jun-2021 15:05:30 Asia/Tokyo] 住所：建物名を入力してください
[03-Jun-2021 15:05:30 Asia/Tokyo] パスワードを入力してください
[03-Jun-2021 15:05:36 Asia/Tokyo] E-mailを入力してください
[03-Jun-2021 15:05:36 Asia/Tokyo] 名(漢字)を入力してください
[03-Jun-2021 15:05:36 Asia/Tokyo] 姓(カナ)を入力してください
[03-Jun-2021 15:05:36 Asia/Tokyo] 名(カナ)を入力してください
[03-Jun-2021 15:05:36 Asia/Tokyo] 郵便番号を入力してください
[03-Jun-2021 15:05:36 Asia/Tokyo] 住所：都道府県を入力してください
[03-Jun-2021 15:05:36 Asia/Tokyo] 住所：市区町村を入力してください
[03-Jun-2021 15:05:36 Asia/Tokyo] 住所：町名番地を入力してください
[03-Jun-2021 15:05:36 Asia/Tokyo] 住所：建物名を入力してください
[03-Jun-2021 15:05:36 Asia/Tokyo] パスワードを入力してください
[03-Jun-2021 15:13:46 Asia/Tokyo] E-mailを入力してください
[03-Jun-2021 15:13:46 Asia/Tokyo] 名(漢字)を入力してください
[03-Jun-2021 15:13:46 Asia/Tokyo] 姓(カナ)を入力してください
[03-Jun-2021 15:13:46 Asia/Tokyo] 名(カナ)を入力してください
[03-Jun-2021 15:13:46 Asia/Tokyo] 郵便番号を入力してください
[03-Jun-2021 15:13:46 Asia/Tokyo] 住所：都道府県を入力してください
[03-Jun-2021 15:13:46 Asia/Tokyo] 住所：市区町村を入力してください
[03-Jun-2021 15:13:46 Asia/Tokyo] 住所：町名番地を入力してください
[03-Jun-2021 15:13:46 Asia/Tokyo] 住所：建物名を入力してください
[03-Jun-2021 15:13:46 Asia/Tokyo] パスワードを入力してください
[03-Jun-2021 15:13:55 Asia/Tokyo] E-mailを入力してください
[03-Jun-2021 15:13:55 Asia/Tokyo] 姓(漢字)は全角（漢字・英字・かな・カナ）で入力してください
[03-Jun-2021 15:13:55 Asia/Tokyo] 名(漢字)を入力してください
[03-Jun-2021 15:13:55 Asia/Tokyo] 姓(カナ)を入力してください
[03-Jun-2021 15:13:55 Asia/Tokyo] 名(カナ)を入力してください
[03-Jun-2021 15:13:55 Asia/Tokyo] 郵便番号を入力してください
[03-Jun-2021 15:13:55 Asia/Tokyo] 住所：都道府県を入力してください
[03-Jun-2021 15:13:55 Asia/Tokyo] 住所：市区町村を入力してください
[03-Jun-2021 15:13:55 Asia/Tokyo] 住所：町名番地を入力してください
[03-Jun-2021 15:13:55 Asia/Tokyo] 住所：建物名を入力してください
[03-Jun-2021 15:13:55 Asia/Tokyo] パスワードを入力してください
[03-Jun-2021 15:23:05 Asia/Tokyo] E-mailを入力してください
[03-Jun-2021 15:23:05 Asia/Tokyo] 姓(漢字)は全角（漢字・英字・かな・カナ）で入力してください
[03-Jun-2021 15:23:05 Asia/Tokyo] 名(漢字)を入力してください
[03-Jun-2021 15:23:05 Asia/Tokyo] 姓(カナ)を入力してください
[03-Jun-2021 15:23:05 Asia/Tokyo] 名(カナ)を入力してください
[03-Jun-2021 15:23:05 Asia/Tokyo] 郵便番号を入力してください
[03-Jun-2021 15:23:05 Asia/Tokyo] 住所：都道府県を入力してください
[03-Jun-2021 15:23:05 Asia/Tokyo] 住所：市区町村を入力してください
[03-Jun-2021 15:23:05 Asia/Tokyo] 住所：町名番地を入力してください
[03-Jun-2021 15:23:05 Asia/Tokyo] 住所：建物名を入力してください
[03-Jun-2021 15:23:05 Asia/Tokyo] パスワードを入力してください
[03-Jun-2021 17:22:11 Asia/Tokyo] E-mailを入力してください
[03-Jun-2021 17:22:11 Asia/Tokyo] 姓(漢字)は全角（漢字・英字・かな・カナ）で入力してください
[03-Jun-2021 17:22:11 Asia/Tokyo] 名(漢字)を入力してください
[03-Jun-2021 17:22:11 Asia/Tokyo] 姓(カナ)を入力してください
[03-Jun-2021 17:22:11 Asia/Tokyo] 名(カナ)を入力してください
[03-Jun-2021 17:22:11 Asia/Tokyo] 郵便番号を入力してください
[03-Jun-2021 17:22:11 Asia/Tokyo] 住所：都道府県を入力してください
[03-Jun-2021 17:22:11 Asia/Tokyo] 住所：市区町村を入力してください
[03-Jun-2021 17:22:11 Asia/Tokyo] 住所：町名番地を入力してください
[03-Jun-2021 17:22:11 Asia/Tokyo] 住所：建物名を入力してください
[03-Jun-2021 17:22:11 Asia/Tokyo] パスワードを入力してください
[03-Jun-2021 19:26:42 Asia/Tokyo] PHP Notice:  Undefined index: birthday in /Applications/MAMP/htdocs/custom_calendar/registerMember_2.php on line 32
[03-Jun-2021 19:26:42 Asia/Tokyo] E-mailを入力してください
[03-Jun-2021 19:26:42 Asia/Tokyo] 姓(漢字)を入力してください
[03-Jun-2021 19:26:42 Asia/Tokyo] 名(漢字)を入力してください
[03-Jun-2021 19:26:42 Asia/Tokyo] 姓(カナ)を入力してください
[03-Jun-2021 19:26:42 Asia/Tokyo] 名(カナ)を入力してください
[03-Jun-2021 19:26:42 Asia/Tokyo] 生年月日を入力してください
[03-Jun-2021 19:26:42 Asia/Tokyo] 郵便番号を入力してください
[03-Jun-2021 19:26:42 Asia/Tokyo] 住所：都道府県を入力してください
[03-Jun-2021 19:26:42 Asia/Tokyo] 住所：市区町村を入力してください
[03-Jun-2021 19:26:42 Asia/Tokyo] 住所：町名番地を入力してください
[03-Jun-2021 19:26:42 Asia/Tokyo] 住所：建物名を入力してください
[03-Jun-2021 19:26:42 Asia/Tokyo] パスワードを入力してください
[03-Jun-2021 19:29:31 Asia/Tokyo] PHP Notice:  Undefined index: birthday in /Applications/MAMP/htdocs/custom_calendar/registerMember_2.php on line 32
[03-Jun-2021 19:29:31 Asia/Tokyo] E-mailを入力してください
[03-Jun-2021 19:29:31 Asia/Tokyo] 姓(漢字)を入力してください
[03-Jun-2021 19:29:31 Asia/Tokyo] 名(漢字)を入力してください
[03-Jun-2021 19:29:31 Asia/Tokyo] 姓(カナ)を入力してください
[03-Jun-2021 19:29:31 Asia/Tokyo] 名(カナ)を入力してください
[03-Jun-2021 19:29:31 Asia/Tokyo] 生年月日を入力してください
[03-Jun-2021 19:29:31 Asia/Tokyo] 郵便番号を入力してください
[03-Jun-2021 19:29:31 Asia/Tokyo] 住所：都道府県を入力してください
[03-Jun-2021 19:29:31 Asia/Tokyo] 住所：市区町村を入力してください
[03-Jun-2021 19:29:31 Asia/Tokyo] 住所：町名番地を入力してください
[03-Jun-2021 19:29:31 Asia/Tokyo] 住所：建物名を入力してください
[03-Jun-2021 19:29:31 Asia/Tokyo] パスワードを入力してください
[03-Jun-2021 19:30:21 Asia/Tokyo] PHP Notice:  Undefined index: birthday in /Applications/MAMP/htdocs/custom_calendar/registerMember_2.php on line 32
[03-Jun-2021 19:30:21 Asia/Tokyo] E-mailを入力してください
[03-Jun-2021 19:30:21 Asia/Tokyo] 姓(漢字)を入力してください
[03-Jun-2021 19:30:21 Asia/Tokyo] 名(漢字)を入力してください
[03-Jun-2021 19:30:21 Asia/Tokyo] 姓(カナ)を入力してください
[03-Jun-2021 19:30:21 Asia/Tokyo] 名(カナ)を入力してください
[03-Jun-2021 19:30:21 Asia/Tokyo] 生年月日を入力してください
[03-Jun-2021 19:30:21 Asia/Tokyo] 郵便番号を入力してください
[03-Jun-2021 19:30:21 Asia/Tokyo] 住所：都道府県を入力してください
[03-Jun-2021 19:30:21 Asia/Tokyo] 住所：市区町村を入力してください
[03-Jun-2021 19:30:21 Asia/Tokyo] 住所：町名番地を入力してください
[03-Jun-2021 19:30:21 Asia/Tokyo] 住所：建物名を入力してください
[03-Jun-2021 19:30:21 Asia/Tokyo] パスワードを入力してください
[03-Jun-2021 19:30:49 Asia/Tokyo] PHP Notice:  Undefined index: birthday in /Applications/MAMP/htdocs/custom_calendar/registerMember_2.php on line 32
[03-Jun-2021 19:30:49 Asia/Tokyo] E-mailを入力してください
[03-Jun-2021 19:30:49 Asia/Tokyo] 姓(漢字)を入力してください
[03-Jun-2021 19:30:49 Asia/Tokyo] 名(漢字)を入力してください
[03-Jun-2021 19:30:49 Asia/Tokyo] 姓(カナ)を入力してください
[03-Jun-2021 19:30:49 Asia/Tokyo] 名(カナ)を入力してください
[03-Jun-2021 19:30:49 Asia/Tokyo] 生年月日を入力してください
[03-Jun-2021 19:30:49 Asia/Tokyo] 郵便番号を入力してください
[03-Jun-2021 19:30:49 Asia/Tokyo] 住所：都道府県を入力してください
[03-Jun-2021 19:30:49 Asia/Tokyo] 住所：市区町村を入力してください
[03-Jun-2021 19:30:49 Asia/Tokyo] 住所：町名番地を入力してください
[03-Jun-2021 19:30:49 Asia/Tokyo] 住所：建物名を入力してください
[03-Jun-2021 19:30:49 Asia/Tokyo] パスワードを入力してください
[03-Jun-2021 19:30:58 Asia/Tokyo] PHP Notice:  Undefined index: birthday in /Applications/MAMP/htdocs/custom_calendar/registerMember_2.php on line 32
[03-Jun-2021 19:30:58 Asia/Tokyo] E-mailを入力してください
[03-Jun-2021 19:30:58 Asia/Tokyo] 姓(漢字)を入力してください
[03-Jun-2021 19:30:58 Asia/Tokyo] 名(漢字)を入力してください
[03-Jun-2021 19:30:58 Asia/Tokyo] 姓(カナ)を入力してください
[03-Jun-2021 19:30:58 Asia/Tokyo] 名(カナ)を入力してください
[03-Jun-2021 19:30:58 Asia/Tokyo] 生年月日を入力してください
[03-Jun-2021 19:30:58 Asia/Tokyo] 郵便番号を入力してください
[03-Jun-2021 19:30:58 Asia/Tokyo] 住所：都道府県を入力してください
[03-Jun-2021 19:30:58 Asia/Tokyo] 住所：市区町村を入力してください
[03-Jun-2021 19:30:58 Asia/Tokyo] 住所：町名番地を入力してください
[03-Jun-2021 19:30:58 Asia/Tokyo] 住所：建物名を入力してください
[03-Jun-2021 19:30:58 Asia/Tokyo] パスワードを入力してください
[03-Jun-2021 19:31:45 Asia/Tokyo] PHP Notice:  Undefined index: birthday in /Applications/MAMP/htdocs/custom_calendar/registerMember_2.php on line 32
[03-Jun-2021 19:31:45 Asia/Tokyo] メールアドレスを入力してください
[03-Jun-2021 19:31:45 Asia/Tokyo] 姓(漢字)を入力してください
[03-Jun-2021 19:31:45 Asia/Tokyo] 名(漢字)を入力してください
[03-Jun-2021 19:31:45 Asia/Tokyo] 姓(カナ)を入力してください
[03-Jun-2021 19:31:45 Asia/Tokyo] 名(カナ)を入力してください
[03-Jun-2021 19:31:45 Asia/Tokyo] 生年月日を入力してください
[03-Jun-2021 19:31:45 Asia/Tokyo] 郵便番号を入力してください
[03-Jun-2021 19:31:45 Asia/Tokyo] 住所：都道府県を入力してください
[03-Jun-2021 19:31:45 Asia/Tokyo] 住所：市区町村を入力してください
[03-Jun-2021 19:31:45 Asia/Tokyo] 住所：町名番地を入力してください
[03-Jun-2021 19:31:45 Asia/Tokyo] 住所：建物名を入力してください
[03-Jun-2021 19:31:45 Asia/Tokyo] パスワードを入力してください
[03-Jun-2021 19:33:15 Asia/Tokyo] PHP Notice:  Undefined index: birthday in /Applications/MAMP/htdocs/custom_calendar/registerMember_2.php on line 32
[03-Jun-2021 19:33:15 Asia/Tokyo] 姓(漢字)を入力してください
[03-Jun-2021 19:33:15 Asia/Tokyo] 名(漢字)を入力してください
[03-Jun-2021 19:33:15 Asia/Tokyo] 姓(カナ)を入力してください
[03-Jun-2021 19:33:15 Asia/Tokyo] 名(カナ)を入力してください
[03-Jun-2021 19:33:15 Asia/Tokyo] 生年月日を入力してください
[03-Jun-2021 19:33:15 Asia/Tokyo] 郵便番号を入力してください
[03-Jun-2021 19:33:15 Asia/Tokyo] 住所：都道府県を入力してください
[03-Jun-2021 19:33:15 Asia/Tokyo] 住所：市区町村を入力してください
[03-Jun-2021 19:33:15 Asia/Tokyo] 住所：町名番地を入力してください
[03-Jun-2021 19:33:15 Asia/Tokyo] 住所：建物名を入力してください
[03-Jun-2021 19:33:15 Asia/Tokyo] パスワードを入力してください
[03-Jun-2021 19:36:03 Asia/Tokyo] PHP Notice:  Undefined index: birthday in /Applications/MAMP/htdocs/custom_calendar/registerMember_2.php on line 32
[03-Jun-2021 19:36:03 Asia/Tokyo] 姓(漢字)を入力してください
[03-Jun-2021 19:36:03 Asia/Tokyo] 名(漢字)を入力してください
[03-Jun-2021 19:36:03 Asia/Tokyo] 姓(カナ)を入力してください
[03-Jun-2021 19:36:03 Asia/Tokyo] 名(カナ)を入力してください
[03-Jun-2021 19:36:03 Asia/Tokyo] 生年月日を入力してください
[03-Jun-2021 19:36:03 Asia/Tokyo] 郵便番号を入力してください
[03-Jun-2021 19:36:03 Asia/Tokyo] 住所：都道府県を入力してください
[03-Jun-2021 19:36:03 Asia/Tokyo] 住所：市区町村を入力してください
[03-Jun-2021 19:36:03 Asia/Tokyo] 住所：町名番地を入力してください
[03-Jun-2021 19:36:03 Asia/Tokyo] 住所：建物名を入力してください
[03-Jun-2021 19:36:03 Asia/Tokyo] パスワードを入力してください
[04-Jun-2021 15:11:43 Asia/Tokyo] 姓(漢字)を入力してください
[04-Jun-2021 15:11:43 Asia/Tokyo] 名(漢字)を入力してください
[04-Jun-2021 15:11:43 Asia/Tokyo] 姓(カナ)を入力してください
[04-Jun-2021 15:11:43 Asia/Tokyo] 名(カナ)を入力してください
[04-Jun-2021 15:11:43 Asia/Tokyo] 郵便番号を入力してください
[04-Jun-2021 15:11:43 Asia/Tokyo] 住所：都道府県を入力してください
[04-Jun-2021 15:11:43 Asia/Tokyo] 住所：市区町村を入力してください
[04-Jun-2021 15:11:43 Asia/Tokyo] 住所：町名番地を入力してください
[04-Jun-2021 15:11:43 Asia/Tokyo] 住所：建物名を入力してください
[04-Jun-2021 15:11:43 Asia/Tokyo] パスワードを入力してください
[04-Jun-2021 15:12:19 Asia/Tokyo] 姓(漢字)を入力してください
[04-Jun-2021 15:12:19 Asia/Tokyo] 名(漢字)を入力してください
[04-Jun-2021 15:12:19 Asia/Tokyo] 姓(カナ)を入力してください
[04-Jun-2021 15:12:19 Asia/Tokyo] 名(カナ)を入力してください
[04-Jun-2021 15:12:19 Asia/Tokyo] 郵便番号を入力してください
[04-Jun-2021 15:12:19 Asia/Tokyo] 住所：都道府県を入力してください
[04-Jun-2021 15:12:19 Asia/Tokyo] 住所：市区町村を入力してください
[04-Jun-2021 15:12:19 Asia/Tokyo] 住所：町名番地を入力してください
[04-Jun-2021 15:12:19 Asia/Tokyo] 住所：建物名を入力してください
[04-Jun-2021 15:12:19 Asia/Tokyo] パスワードを入力してください
[04-Jun-2021 15:51:16 Asia/Tokyo] 姓(漢字)を入力してください
[04-Jun-2021 15:51:16 Asia/Tokyo] 名(漢字)を入力してください
[04-Jun-2021 15:51:16 Asia/Tokyo] 姓(カナ)を入力してください
[04-Jun-2021 15:51:16 Asia/Tokyo] 名(カナ)を入力してください
[04-Jun-2021 15:51:16 Asia/Tokyo] 郵便番号を入力してください
[04-Jun-2021 15:51:16 Asia/Tokyo] 住所：都道府県を入力してください
[04-Jun-2021 15:51:16 Asia/Tokyo] 住所：市区町村を入力してください
[04-Jun-2021 15:51:16 Asia/Tokyo] 住所：町名番地を入力してください
[04-Jun-2021 15:51:16 Asia/Tokyo] 住所：建物名を入力してください
[04-Jun-2021 15:51:16 Asia/Tokyo] パスワードを入力してください
[04-Jun-2021 15:55:41 Asia/Tokyo] 姓(漢字)を入力してください
[04-Jun-2021 15:55:41 Asia/Tokyo] 名(漢字)を入力してください
[04-Jun-2021 15:55:41 Asia/Tokyo] 姓(カナ)を入力してください
[04-Jun-2021 15:55:41 Asia/Tokyo] 名(カナ)を入力してください
[04-Jun-2021 15:55:41 Asia/Tokyo] 郵便番号を入力してください
[04-Jun-2021 15:55:41 Asia/Tokyo] 住所：都道府県を入力してください
[04-Jun-2021 15:55:41 Asia/Tokyo] 住所：市区町村を入力してください
[04-Jun-2021 15:55:41 Asia/Tokyo] 住所：町名番地を入力してください
[04-Jun-2021 15:55:41 Asia/Tokyo] 住所：建物名を入力してください
[04-Jun-2021 15:55:41 Asia/Tokyo] パスワードを入力してください
[04-Jun-2021 15:55:44 Asia/Tokyo] 姓(漢字)を入力してください
[04-Jun-2021 15:55:44 Asia/Tokyo] 名(漢字)を入力してください
[04-Jun-2021 15:55:44 Asia/Tokyo] 姓(カナ)を入力してください
[04-Jun-2021 15:55:44 Asia/Tokyo] 名(カナ)を入力してください
[04-Jun-2021 15:55:44 Asia/Tokyo] 郵便番号を入力してください
[04-Jun-2021 15:55:44 Asia/Tokyo] 住所：都道府県を入力してください
[04-Jun-2021 15:55:44 Asia/Tokyo] 住所：市区町村を入力してください
[04-Jun-2021 15:55:44 Asia/Tokyo] 住所：町名番地を入力してください
[04-Jun-2021 15:55:44 Asia/Tokyo] 住所：建物名を入力してください
[04-Jun-2021 15:55:44 Asia/Tokyo] パスワードを入力してください
[04-Jun-2021 15:55:53 Asia/Tokyo] 姓(漢字)を入力してください
[04-Jun-2021 15:55:53 Asia/Tokyo] 名(漢字)を入力してください
[04-Jun-2021 15:55:53 Asia/Tokyo] 姓(カナ)を入力してください
[04-Jun-2021 15:55:53 Asia/Tokyo] 名(カナ)を入力してください
[04-Jun-2021 15:55:53 Asia/Tokyo] 郵便番号を入力してください
[04-Jun-2021 15:55:53 Asia/Tokyo] 住所：都道府県を入力してください
[04-Jun-2021 15:55:53 Asia/Tokyo] 住所：市区町村を入力してください
[04-Jun-2021 15:55:53 Asia/Tokyo] 住所：町名番地を入力してください
[04-Jun-2021 15:55:53 Asia/Tokyo] 住所：建物名を入力してください
[04-Jun-2021 15:55:53 Asia/Tokyo] パスワードを入力してください
[04-Jun-2021 15:57:05 Asia/Tokyo] 姓(漢字)を入力してください
[04-Jun-2021 15:57:05 Asia/Tokyo] 名(漢字)を入力してください
[04-Jun-2021 15:57:05 Asia/Tokyo] 姓(カナ)を入力してください
[04-Jun-2021 15:57:05 Asia/Tokyo] 名(カナ)を入力してください
[04-Jun-2021 15:57:05 Asia/Tokyo] 郵便番号を入力してください
[04-Jun-2021 15:57:05 Asia/Tokyo] 住所：都道府県を入力してください
[04-Jun-2021 15:57:05 Asia/Tokyo] 住所：市区町村を入力してください
[04-Jun-2021 15:57:05 Asia/Tokyo] 住所：町名番地を入力してください
[04-Jun-2021 15:57:05 Asia/Tokyo] 住所：建物名を入力してください
[04-Jun-2021 15:57:05 Asia/Tokyo] パスワードを入力してください
[04-Jun-2021 15:58:17 Asia/Tokyo] 姓(漢字)を入力してください
[04-Jun-2021 15:58:17 Asia/Tokyo] 名(漢字)を入力してください
[04-Jun-2021 15:58:17 Asia/Tokyo] 姓(カナ)を入力してください
[04-Jun-2021 15:58:17 Asia/Tokyo] 名(カナ)を入力してください
[04-Jun-2021 15:58:17 Asia/Tokyo] 郵便番号を入力してください
[04-Jun-2021 15:58:17 Asia/Tokyo] 住所：都道府県を入力してください
[04-Jun-2021 15:58:17 Asia/Tokyo] 住所：市区町村を入力してください
[04-Jun-2021 15:58:17 Asia/Tokyo] 住所：町名番地を入力してください
[04-Jun-2021 15:58:17 Asia/Tokyo] 住所：建物名を入力してください
[04-Jun-2021 15:58:17 Asia/Tokyo] パスワードを入力してください
[04-Jun-2021 15:58:24 Asia/Tokyo] 姓(漢字)を入力してください
[04-Jun-2021 15:58:24 Asia/Tokyo] 名(漢字)を入力してください
[04-Jun-2021 15:58:24 Asia/Tokyo] 姓(カナ)を入力してください
[04-Jun-2021 15:58:24 Asia/Tokyo] 名(カナ)を入力してください
[04-Jun-2021 15:58:24 Asia/Tokyo] 郵便番号を入力してください
[04-Jun-2021 15:58:24 Asia/Tokyo] 住所：都道府県を入力してください
[04-Jun-2021 15:58:24 Asia/Tokyo] 住所：市区町村を入力してください
[04-Jun-2021 15:58:24 Asia/Tokyo] 住所：町名番地を入力してください
[04-Jun-2021 15:58:24 Asia/Tokyo] 住所：建物名を入力してください
[04-Jun-2021 15:58:24 Asia/Tokyo] パスワードを入力してください
[04-Jun-2021 15:59:34 Asia/Tokyo] 姓(漢字)を入力してください
[04-Jun-2021 15:59:34 Asia/Tokyo] 名(漢字)を入力してください
[04-Jun-2021 15:59:34 Asia/Tokyo] 姓(カナ)を入力してください
[04-Jun-2021 15:59:34 Asia/Tokyo] 名(カナ)を入力してください
[04-Jun-2021 15:59:34 Asia/Tokyo] 郵便番号を入力してください
[04-Jun-2021 15:59:34 Asia/Tokyo] 住所：都道府県を入力してください
[04-Jun-2021 15:59:34 Asia/Tokyo] 住所：市区町村を入力してください
[04-Jun-2021 15:59:34 Asia/Tokyo] 住所：町名番地を入力してください
[04-Jun-2021 15:59:34 Asia/Tokyo] 住所：建物名を入力してください
[04-Jun-2021 15:59:34 Asia/Tokyo] パスワードを入力してください
[04-Jun-2021 16:03:19 Asia/Tokyo] 姓(漢字)を入力してください
[04-Jun-2021 16:03:19 Asia/Tokyo] 名(漢字)を入力してください
[04-Jun-2021 16:03:19 Asia/Tokyo] 姓(カナ)を入力してください
[04-Jun-2021 16:03:19 Asia/Tokyo] 名(カナ)を入力してください
[04-Jun-2021 16:03:19 Asia/Tokyo] 郵便番号を入力してください
[04-Jun-2021 16:03:19 Asia/Tokyo] 住所：都道府県を入力してください
[04-Jun-2021 16:03:19 Asia/Tokyo] 住所：市区町村を入力してください
[04-Jun-2021 16:03:19 Asia/Tokyo] 住所：町名番地を入力してください
[04-Jun-2021 16:03:19 Asia/Tokyo] 住所：建物名を入力してください
[04-Jun-2021 16:03:19 Asia/Tokyo] パスワードを入力してください
[04-Jun-2021 16:06:18 Asia/Tokyo] 姓(漢字)を入力してください
[04-Jun-2021 16:06:18 Asia/Tokyo] 名(漢字)を入力してください
[04-Jun-2021 16:06:18 Asia/Tokyo] 姓(カナ)を入力してください
[04-Jun-2021 16:06:18 Asia/Tokyo] 名(カナ)を入力してください
[04-Jun-2021 16:06:18 Asia/Tokyo] 郵便番号を入力してください
[04-Jun-2021 16:06:18 Asia/Tokyo] 住所：都道府県を入力してください
[04-Jun-2021 16:06:18 Asia/Tokyo] 住所：市区町村を入力してください
[04-Jun-2021 16:06:18 Asia/Tokyo] 住所：町名番地を入力してください
[04-Jun-2021 16:06:18 Asia/Tokyo] 住所：建物名を入力してください
[04-Jun-2021 16:06:18 Asia/Tokyo] パスワードを入力してください
[04-Jun-2021 16:07:12 Asia/Tokyo] 姓(漢字)を入力してください
[04-Jun-2021 16:07:12 Asia/Tokyo] 名(漢字)を入力してください
[04-Jun-2021 16:07:12 Asia/Tokyo] 姓(カナ)を入力してください
[04-Jun-2021 16:07:12 Asia/Tokyo] 名(カナ)を入力してください
[04-Jun-2021 16:07:12 Asia/Tokyo] 郵便番号を入力してください
[04-Jun-2021 16:07:12 Asia/Tokyo] 住所：都道府県を入力してください
[04-Jun-2021 16:07:12 Asia/Tokyo] 住所：市区町村を入力してください
[04-Jun-2021 16:07:12 Asia/Tokyo] 住所：町名番地を入力してください
[04-Jun-2021 16:07:12 Asia/Tokyo] 住所：建物名を入力してください
[04-Jun-2021 16:07:12 Asia/Tokyo] パスワードを入力してください
[04-Jun-2021 16:07:33 Asia/Tokyo] 姓(漢字)を入力してください
[04-Jun-2021 16:07:33 Asia/Tokyo] 名(漢字)を入力してください
[04-Jun-2021 16:07:33 Asia/Tokyo] 姓(カナ)を入力してください
[04-Jun-2021 16:07:33 Asia/Tokyo] 名(カナ)を入力してください
[04-Jun-2021 16:07:33 Asia/Tokyo] 郵便番号を入力してください
[04-Jun-2021 16:07:33 Asia/Tokyo] 住所：都道府県を入力してください
[04-Jun-2021 16:07:33 Asia/Tokyo] 住所：市区町村を入力してください
[04-Jun-2021 16:07:33 Asia/Tokyo] 住所：町名番地を入力してください
[04-Jun-2021 16:07:33 Asia/Tokyo] 住所：建物名を入力してください
[04-Jun-2021 16:07:33 Asia/Tokyo] パスワードを入力してください
[04-Jun-2021 16:09:05 Asia/Tokyo] 姓(漢字)を入力してください
[04-Jun-2021 16:09:05 Asia/Tokyo] 名(漢字)を入力してください
[04-Jun-2021 16:09:05 Asia/Tokyo] 姓(カナ)を入力してください
[04-Jun-2021 16:09:05 Asia/Tokyo] 名(カナ)を入力してください
[04-Jun-2021 16:09:05 Asia/Tokyo] 郵便番号を入力してください
[04-Jun-2021 16:09:05 Asia/Tokyo] 住所：都道府県を入力してください
[04-Jun-2021 16:09:05 Asia/Tokyo] 住所：市区町村を入力してください
[04-Jun-2021 16:09:05 Asia/Tokyo] 住所：町名番地を入力してください
[04-Jun-2021 16:09:05 Asia/Tokyo] 住所：建物名を入力してください
[04-Jun-2021 16:09:05 Asia/Tokyo] パスワードを入力してください
[04-Jun-2021 16:15:07 Asia/Tokyo] 姓(漢字)を入力してください
[04-Jun-2021 16:15:07 Asia/Tokyo] 名(漢字)を入力してください
[04-Jun-2021 16:15:07 Asia/Tokyo] 姓(カナ)を入力してください
[04-Jun-2021 16:15:07 Asia/Tokyo] 名(カナ)を入力してください
[04-Jun-2021 16:15:07 Asia/Tokyo] 郵便番号を入力してください
[04-Jun-2021 16:15:07 Asia/Tokyo] 住所：都道府県を入力してください
[04-Jun-2021 16:15:07 Asia/Tokyo] 住所：市区町村を入力してください
[04-Jun-2021 16:15:07 Asia/Tokyo] 住所：町名番地を入力してください
[04-Jun-2021 16:15:07 Asia/Tokyo] 住所：建物名を入力してください
[04-Jun-2021 16:15:07 Asia/Tokyo] パスワードを入力してください
[04-Jun-2021 16:17:21 Asia/Tokyo] 姓(漢字)を入力してください
[04-Jun-2021 16:17:21 Asia/Tokyo] 名(漢字)を入力してください
[04-Jun-2021 16:17:21 Asia/Tokyo] 姓(カナ)を入力してください
[04-Jun-2021 16:17:21 Asia/Tokyo] 名(カナ)を入力してください
[04-Jun-2021 16:17:21 Asia/Tokyo] 郵便番号を入力してください
[04-Jun-2021 16:17:21 Asia/Tokyo] 住所：都道府県を入力してください
[04-Jun-2021 16:17:21 Asia/Tokyo] 住所：市区町村を入力してください
[04-Jun-2021 16:17:21 Asia/Tokyo] 住所：町名番地を入力してください
[04-Jun-2021 16:17:21 Asia/Tokyo] 住所：建物名を入力してください
[04-Jun-2021 16:17:21 Asia/Tokyo] パスワードを入力してください
[04-Jun-2021 16:21:52 Asia/Tokyo] 姓(漢字)を入力してください
[04-Jun-2021 16:21:52 Asia/Tokyo] 名(漢字)を入力してください
[04-Jun-2021 16:21:52 Asia/Tokyo] 姓(カナ)を入力してください
[04-Jun-2021 16:21:52 Asia/Tokyo] 名(カナ)を入力してください
[04-Jun-2021 16:21:52 Asia/Tokyo] 郵便番号を入力してください
[04-Jun-2021 16:21:52 Asia/Tokyo] 住所：都道府県を入力してください
[04-Jun-2021 16:21:52 Asia/Tokyo] 住所：市区町村を入力してください
[04-Jun-2021 16:21:52 Asia/Tokyo] 住所：町名番地を入力してください
[04-Jun-2021 16:21:52 Asia/Tokyo] 住所：建物名を入力してください
[04-Jun-2021 16:21:52 Asia/Tokyo] パスワードを入力してください
[04-Jun-2021 16:40:31 Asia/Tokyo] 必須項目です
[04-Jun-2021 16:40:31 Asia/Tokyo] 必須項目です
[04-Jun-2021 16:40:31 Asia/Tokyo] 必須項目です
[04-Jun-2021 16:40:31 Asia/Tokyo] 必須項目です
[04-Jun-2021 16:40:31 Asia/Tokyo] 必須項目です
[04-Jun-2021 16:40:31 Asia/Tokyo] 必須項目です
[04-Jun-2021 16:40:31 Asia/Tokyo] 必須項目です
[04-Jun-2021 16:40:31 Asia/Tokyo] 必須項目です
[04-Jun-2021 16:43:30 Asia/Tokyo] 必須項目です
[04-Jun-2021 16:43:30 Asia/Tokyo] 必須項目です
[04-Jun-2021 16:43:30 Asia/Tokyo] 必須項目です
[04-Jun-2021 16:43:30 Asia/Tokyo] 必須項目です
[04-Jun-2021 16:43:30 Asia/Tokyo] 必須項目です
[04-Jun-2021 16:43:30 Asia/Tokyo] 必須項目です
[04-Jun-2021 16:43:30 Asia/Tokyo] 必須項目です
[04-Jun-2021 16:43:30 Asia/Tokyo] 必須項目です
[04-Jun-2021 16:44:33 Asia/Tokyo] 必須項目です
[04-Jun-2021 16:44:33 Asia/Tokyo] 必須項目です
[04-Jun-2021 16:44:33 Asia/Tokyo] 必須項目です
[04-Jun-2021 16:44:33 Asia/Tokyo] 必須項目です
[04-Jun-2021 16:44:33 Asia/Tokyo] 必須項目です
[04-Jun-2021 16:44:33 Asia/Tokyo] 必須項目です
[04-Jun-2021 16:44:33 Asia/Tokyo] 必須項目です
[04-Jun-2021 16:44:33 Asia/Tokyo] 必須項目です
[04-Jun-2021 16:52:52 Asia/Tokyo] 全角（漢字・英字・かな・カナ）で入力してください
[04-Jun-2021 16:52:52 Asia/Tokyo] 必須項目です
[04-Jun-2021 16:52:52 Asia/Tokyo] 必須項目です
[04-Jun-2021 16:52:52 Asia/Tokyo] 必須項目です
[04-Jun-2021 16:52:52 Asia/Tokyo] 必須項目です
[04-Jun-2021 16:52:52 Asia/Tokyo] 必須項目です
[04-Jun-2021 16:52:52 Asia/Tokyo] 必須項目です
[04-Jun-2021 16:52:52 Asia/Tokyo] 必須項目です
[04-Jun-2021 16:52:52 Asia/Tokyo] 必須項目です
[04-Jun-2021 16:52:52 Asia/Tokyo] 必須項目です
[04-Jun-2021 16:52:59 Asia/Tokyo] 全角（漢字・英字・かな・カナ）で入力してください
[04-Jun-2021 16:52:59 Asia/Tokyo] 必須項目です
[04-Jun-2021 16:52:59 Asia/Tokyo] 必須項目です
[04-Jun-2021 16:52:59 Asia/Tokyo] 必須項目です
[04-Jun-2021 16:52:59 Asia/Tokyo] 必須項目です
[04-Jun-2021 16:52:59 Asia/Tokyo] 必須項目です
[04-Jun-2021 16:52:59 Asia/Tokyo] 必須項目です
[04-Jun-2021 16:52:59 Asia/Tokyo] 必須項目です
[04-Jun-2021 16:52:59 Asia/Tokyo] 必須項目です
[04-Jun-2021 16:52:59 Asia/Tokyo] 必須項目です
[04-Jun-2021 16:53:04 Asia/Tokyo] 必須項目です
[04-Jun-2021 16:53:04 Asia/Tokyo] 必須項目です
[04-Jun-2021 16:53:04 Asia/Tokyo] 必須項目です
[04-Jun-2021 16:53:04 Asia/Tokyo] 必須項目です
[04-Jun-2021 16:53:04 Asia/Tokyo] 必須項目です
[04-Jun-2021 16:53:04 Asia/Tokyo] 必須項目です
[04-Jun-2021 16:53:04 Asia/Tokyo] 必須項目です
[04-Jun-2021 16:53:04 Asia/Tokyo] 必須項目です
[04-Jun-2021 16:53:04 Asia/Tokyo] 必須項目です
[04-Jun-2021 16:53:52 Asia/Tokyo] 必須項目です
[04-Jun-2021 16:53:52 Asia/Tokyo] 必須項目です
[04-Jun-2021 16:53:52 Asia/Tokyo] 必須項目です
[04-Jun-2021 16:53:52 Asia/Tokyo] 必須項目です
[04-Jun-2021 16:53:52 Asia/Tokyo] 必須項目です
[04-Jun-2021 16:53:52 Asia/Tokyo] 必須項目です
[04-Jun-2021 16:53:52 Asia/Tokyo] 必須項目です
[04-Jun-2021 16:53:52 Asia/Tokyo] 必須項目です
[04-Jun-2021 16:53:52 Asia/Tokyo] 必須項目です
[04-Jun-2021 16:57:56 Asia/Tokyo] 全角（漢字・英字・かな・カナ）で入力してください
[04-Jun-2021 16:57:56 Asia/Tokyo] 全角（漢字・英字・かな・カナ）で入力してください
[04-Jun-2021 16:57:56 Asia/Tokyo] 必須項目です
[04-Jun-2021 16:57:56 Asia/Tokyo] 必須項目です
[04-Jun-2021 16:57:56 Asia/Tokyo] 必須項目です
[04-Jun-2021 16:57:56 Asia/Tokyo] 必須項目です
[04-Jun-2021 16:57:56 Asia/Tokyo] 必須項目です
[04-Jun-2021 16:57:56 Asia/Tokyo] 必須項目です
[04-Jun-2021 16:57:56 Asia/Tokyo] 必須項目です
[04-Jun-2021 17:02:33 Asia/Tokyo] 必須項目です
[04-Jun-2021 17:02:33 Asia/Tokyo] 必須項目です
[04-Jun-2021 17:02:33 Asia/Tokyo] 必須項目です
[04-Jun-2021 17:02:33 Asia/Tokyo] 必須項目です
[04-Jun-2021 17:02:33 Asia/Tokyo] 必須項目です
[04-Jun-2021 17:02:42 Asia/Tokyo] 必須項目です
[04-Jun-2021 17:02:42 Asia/Tokyo] 必須項目です
[04-Jun-2021 17:02:42 Asia/Tokyo] 必須項目です
[04-Jun-2021 17:02:42 Asia/Tokyo] 必須項目です
[04-Jun-2021 17:02:42 Asia/Tokyo] 必須項目です
[04-Jun-2021 17:13:18 Asia/Tokyo] 必須項目です
[04-Jun-2021 17:13:18 Asia/Tokyo] 必須項目です
[04-Jun-2021 17:13:18 Asia/Tokyo] 必須項目です
[04-Jun-2021 17:13:18 Asia/Tokyo] 必須項目です
[04-Jun-2021 17:13:18 Asia/Tokyo] 必須項目です
[04-Jun-2021 17:13:35 Asia/Tokyo] 必須項目です
[04-Jun-2021 17:13:35 Asia/Tokyo] 必須項目です
[04-Jun-2021 17:13:35 Asia/Tokyo] 必須項目です
[04-Jun-2021 17:13:35 Asia/Tokyo] 必須項目です
[04-Jun-2021 17:13:35 Asia/Tokyo] 必須項目です
[04-Jun-2021 17:14:30 Asia/Tokyo] 201111
[04-Jun-2021 17:14:30 Asia/Tokyo] 必須項目です
[04-Jun-2021 17:14:30 Asia/Tokyo] 必須項目です
[04-Jun-2021 17:14:30 Asia/Tokyo] 必須項目です
[04-Jun-2021 17:14:30 Asia/Tokyo] 必須項目です
[04-Jun-2021 17:14:30 Asia/Tokyo] 必須項目です
[04-Jun-2021 17:15:58 Asia/Tokyo] 201111
[04-Jun-2021 17:15:58 Asia/Tokyo] 必須項目です
[04-Jun-2021 17:15:58 Asia/Tokyo] 必須項目です
[04-Jun-2021 17:15:58 Asia/Tokyo] 必須項目です
[04-Jun-2021 17:15:58 Asia/Tokyo] 必須項目です
[04-Jun-2021 17:15:58 Asia/Tokyo] 必須項目です
[04-Jun-2021 17:25:10 Asia/Tokyo] 201111
[04-Jun-2021 17:25:10 Asia/Tokyo] 必須項目です
[04-Jun-2021 17:25:10 Asia/Tokyo] 必須項目です
[04-Jun-2021 17:25:10 Asia/Tokyo] 必須項目です
[04-Jun-2021 17:25:10 Asia/Tokyo] 必須項目です
[04-Jun-2021 17:25:10 Asia/Tokyo] 必須項目です
[04-Jun-2021 17:25:26 Asia/Tokyo] 20110199
[04-Jun-2021 17:25:26 Asia/Tokyo] 必須項目です
[04-Jun-2021 17:25:26 Asia/Tokyo] 必須項目です
[04-Jun-2021 17:25:26 Asia/Tokyo] 必須項目です
[04-Jun-2021 17:25:26 Asia/Tokyo] 必須項目です
[04-Jun-2021 17:25:26 Asia/Tokyo] 必須項目です
[04-Jun-2021 17:31:42 Asia/Tokyo] 必須項目です
[04-Jun-2021 17:31:42 Asia/Tokyo] 必須項目です
[04-Jun-2021 17:31:42 Asia/Tokyo] 必須項目です
[04-Jun-2021 17:31:42 Asia/Tokyo] 必須項目です
[04-Jun-2021 17:36:23 Asia/Tokyo] 必須項目です
[04-Jun-2021 17:36:23 Asia/Tokyo] 必須項目です
[04-Jun-2021 17:36:23 Asia/Tokyo] 必須項目です
[04-Jun-2021 17:36:23 Asia/Tokyo] 必須項目です
[04-Jun-2021 17:36:31 Asia/Tokyo] 必須項目です
[04-Jun-2021 17:36:31 Asia/Tokyo] 必須項目です
[04-Jun-2021 17:36:31 Asia/Tokyo] 必須項目です
[04-Jun-2021 17:36:31 Asia/Tokyo] 必須項目です
[04-Jun-2021 17:47:23 Asia/Tokyo] 必須項目です
[04-Jun-2021 17:47:23 Asia/Tokyo] 必須項目です
[04-Jun-2021 17:47:23 Asia/Tokyo] 必須項目です
[04-Jun-2021 17:47:23 Asia/Tokyo] 必須項目です
[04-Jun-2021 17:47:33 Asia/Tokyo] 必須項目です
[04-Jun-2021 17:47:33 Asia/Tokyo] 必須項目です
[04-Jun-2021 17:47:33 Asia/Tokyo] 必須項目です
[04-Jun-2021 17:47:33 Asia/Tokyo] 必須項目です
[04-Jun-2021 17:47:58 Asia/Tokyo] 必須項目です
[04-Jun-2021 17:47:58 Asia/Tokyo] 必須項目です
[04-Jun-2021 17:47:58 Asia/Tokyo] 必須項目です
[04-Jun-2021 17:47:58 Asia/Tokyo] 必須項目です
[04-Jun-2021 17:48:11 Asia/Tokyo] 必須項目です
[04-Jun-2021 17:48:11 Asia/Tokyo] 必須項目です
[04-Jun-2021 17:48:11 Asia/Tokyo] 必須項目です
[04-Jun-2021 17:48:11 Asia/Tokyo] 必須項目です
[04-Jun-2021 17:56:11 Asia/Tokyo] 必須項目です
[04-Jun-2021 17:56:11 Asia/Tokyo] 必須項目です
[04-Jun-2021 17:56:11 Asia/Tokyo] 必須項目です
[04-Jun-2021 17:56:17 Asia/Tokyo] 必須項目です
[04-Jun-2021 17:56:17 Asia/Tokyo] 必須項目です
[04-Jun-2021 17:56:17 Asia/Tokyo] 必須項目です
